This file contains any messages produced by compilers while
running configure, to aid debugging if configure makes a mistake.

It was created by evolve configure 1.0, which was
generated by GNU Autoconf 2.61.  Invocation command line was

  $ ./configure 

## --------- ##
## Platform. ##
## --------- ##

hostname = localhost
uname -m = x86_64
uname -r = 2.6.24-19-generic
uname -s = Linux
uname -v = #1 SMP Fri Jul 11 21:01:46 UTC 2008

/usr/bin/uname -p = unknown
/bin/uname -X     = unknown

/bin/arch              = unknown
/usr/bin/arch -k       = unknown
/usr/convex/getsysinfo = unknown
/usr/bin/hostinfo      = unknown
/bin/machine           = unknown
/usr/bin/oslevel       = unknown
/bin/universe          = unknown

PATH: /usr/local/sbin
PATH: /usr/local/bin
PATH: /usr/sbin
PATH: /usr/bin
PATH: /sbin
PATH: /bin
PATH: /usr/games


## ----------- ##
## Core tests. ##
## ----------- ##

configure:2034: checking for a BSD-compatible install
configure:2090: result: /usr/bin/install -c
configure:2101: checking whether build environment is sane
configure:2144: result: yes
configure:2209: checking for gawk
configure:2225: found /usr/bin/gawk
configure:2236: result: gawk
configure:2247: checking whether make sets $(MAKE)
configure:2268: result: yes
configure:2510: checking for g++
configure:2526: found /usr/bin/g++
configure:2537: result: g++
configure:2568: checking for C++ compiler version
configure:2575: g++ --version >&5
g++ (GCC) 4.2.3 (Ubuntu 4.2.3-2ubuntu7)
Copyright (C) 2007 Free Software Foundation, Inc.
This is free software; see the source for copying conditions.  There is NO
warranty; not even for MERCHANTABILITY or FITNESS FOR A PARTICULAR PURPOSE.

configure:2578: $? = 0
configure:2585: g++ -v >&5
Using built-in specs.
Target: x86_64-linux-gnu
Configured with: ../src/configure -v --enable-languages=c,c++,fortran,objc,obj-c++,treelang --prefix=/usr --enable-shared --with-system-zlib --libexecdir=/usr/lib --without-included-gettext --enable-threads=posix --enable-nls --with-gxx-include-dir=/usr/include/c++/4.2 --program-suffix=-4.2 --enable-clocale=gnu --enable-libstdcxx-debug --enable-objc-gc --enable-mpfr --enable-checking=release --build=x86_64-linux-gnu --host=x86_64-linux-gnu --target=x86_64-linux-gnu
Thread model: posix
gcc version 4.2.3 (Ubuntu 4.2.3-2ubuntu7)
configure:2588: $? = 0
configure:2595: g++ -V >&5
g++: '-V' option must have argument
configure:2598: $? = 1
configure:2621: checking for C++ compiler default output file name
configure:2648: g++    conftest.cpp  >&5
configure:2651: $? = 0
configure:2689: result: a.out
configure:2706: checking whether the C++ compiler works
configure:2716: ./a.out
configure:2719: $? = 0
configure:2736: result: yes
configure:2743: checking whether we are cross compiling
configure:2745: result: no
configure:2748: checking for suffix of executables
configure:2755: g++ -o conftest    conftest.cpp  >&5
configure:2758: $? = 0
configure:2782: result: 
configure:2788: checking for suffix of object files
configure:2814: g++ -c   conftest.cpp >&5
configure:2817: $? = 0
configure:2840: result: o
configure:2844: checking whether we are using the GNU C++ compiler
configure:2873: g++ -c   conftest.cpp >&5
configure:2879: $? = 0
configure:2896: result: yes
configure:2901: checking whether g++ accepts -g
configure:2931: g++ -c -g  conftest.cpp >&5
configure:2937: $? = 0
configure:3036: result: yes
configure:3070: checking for style of include used by make
configure:3098: result: GNU
configure:3126: checking dependency style of g++
configure:3216: result: gcc3
configure:3311: checking build system type
configure:3329: result: x86_64-unknown-linux-gnu
configure:3351: checking host system type
configure:3366: result: x86_64-unknown-linux-gnu
configure:3436: checking for gcc
configure:3452: found /usr/bin/gcc
configure:3463: result: gcc
configure:3701: checking for C compiler version
configure:3708: gcc --version >&5
gcc (GCC) 4.2.3 (Ubuntu 4.2.3-2ubuntu7)
Copyright (C) 2007 Free Software Foundation, Inc.
This is free software; see the source for copying conditions.  There is NO
warranty; not even for MERCHANTABILITY or FITNESS FOR A PARTICULAR PURPOSE.

configure:3711: $? = 0
configure:3718: gcc -v >&5
Using built-in specs.
Target: x86_64-linux-gnu
Configured with: ../src/configure -v --enable-languages=c,c++,fortran,objc,obj-c++,treelang --prefix=/usr --enable-shared --with-system-zlib --libexecdir=/usr/lib --without-included-gettext --enable-threads=posix --enable-nls --with-gxx-include-dir=/usr/include/c++/4.2 --program-suffix=-4.2 --enable-clocale=gnu --enable-libstdcxx-debug --enable-objc-gc --enable-mpfr --enable-checking=release --build=x86_64-linux-gnu --host=x86_64-linux-gnu --target=x86_64-linux-gnu
Thread model: posix
gcc version 4.2.3 (Ubuntu 4.2.3-2ubuntu7)
configure:3721: $? = 0
configure:3728: gcc -V >&5
gcc: '-V' option must have argument
configure:3731: $? = 1
configure:3734: checking whether we are using the GNU C compiler
configure:3763: gcc -c   conftest.c >&5
configure:3769: $? = 0
configure:3786: result: yes
configure:3791: checking whether gcc accepts -g
configure:3821: gcc -c -g  conftest.c >&5
configure:3827: $? = 0
configure:3926: result: yes
configure:3943: checking for gcc option to accept ISO C89
configure:4017: gcc  -c -g -O2  conftest.c >&5
configure:4023: $? = 0
configure:4046: result: none needed
configure:4066: checking dependency style of gcc
configure:4156: result: gcc3
configure:4173: checking for a sed that does not truncate output
configure:4229: result: /bin/sed
configure:4232: checking for grep that handles long lines and -e
configure:4306: result: /bin/grep
configure:4311: checking for egrep
configure:4389: result: /bin/grep -E
configure:4405: checking for ld used by gcc
configure:4472: result: /usr/bin/ld
configure:4481: checking if the linker (/usr/bin/ld) is GNU ld
configure:4496: result: yes
configure:4501: checking for /usr/bin/ld option to reload object files
configure:4508: result: -r
configure:4526: checking for BSD-compatible nm
configure:4575: result: /usr/bin/nm -B
configure:4579: checking whether ln -s works
configure:4583: result: yes
configure:4590: checking how to recognize dependent libraries
configure:4776: result: pass_all
configure:4865: gcc -c -g -O2  conftest.c >&5
configure:4868: $? = 0
configure:5021: checking how to run the C preprocessor
configure:5061: gcc -E  conftest.c
configure:5067: $? = 0
configure:5098: gcc -E  conftest.c
conftest.c:10:28: error: ac_nonexistent.h: No such file or directory
configure:5104: $? = 1
configure: failed program was:
| /* confdefs.h.  */
| #define PACKAGE_NAME "evolve"
| #define PACKAGE_TARNAME "evolve"
| #define PACKAGE_VERSION "1.0"
| #define PACKAGE_STRING "evolve 1.0"
| #define PACKAGE_BUGREPORT "stu26code@gmail.com"
| #define PACKAGE "evolve"
| #define VERSION "1.0"
| /* end confdefs.h.  */
| #include <ac_nonexistent.h>
configure:5137: result: gcc -E
configure:5166: gcc -E  conftest.c
configure:5172: $? = 0
configure:5203: gcc -E  conftest.c
conftest.c:10:28: error: ac_nonexistent.h: No such file or directory
configure:5209: $? = 1
configure: failed program was:
| /* confdefs.h.  */
| #define PACKAGE_NAME "evolve"
| #define PACKAGE_TARNAME "evolve"
| #define PACKAGE_VERSION "1.0"
| #define PACKAGE_STRING "evolve 1.0"
| #define PACKAGE_BUGREPORT "stu26code@gmail.com"
| #define PACKAGE "evolve"
| #define VERSION "1.0"
| /* end confdefs.h.  */
| #include <ac_nonexistent.h>
configure:5247: checking for ANSI C header files
configure:5277: gcc -c -g -O2  conftest.c >&5
configure:5283: $? = 0
configure:5382: gcc -o conftest -g -O2   conftest.c  >&5
configure:5385: $? = 0
configure:5391: ./conftest
configure:5394: $? = 0
configure:5411: result: yes
configure:5435: checking for sys/types.h
configure:5456: gcc -c -g -O2  conftest.c >&5
configure:5462: $? = 0
configure:5478: result: yes
configure:5435: checking for sys/stat.h
configure:5456: gcc -c -g -O2  conftest.c >&5
configure:5462: $? = 0
configure:5478: result: yes
configure:5435: checking for stdlib.h
configure:5456: gcc -c -g -O2  conftest.c >&5
configure:5462: $? = 0
configure:5478: result: yes
configure:5435: checking for string.h
configure:5456: gcc -c -g -O2  conftest.c >&5
configure:5462: $? = 0
configure:5478: result: yes
configure:5435: checking for memory.h
configure:5456: gcc -c -g -O2  conftest.c >&5
configure:5462: $? = 0
configure:5478: result: yes
configure:5435: checking for strings.h
configure:5456: gcc -c -g -O2  conftest.c >&5
configure:5462: $? = 0
configure:5478: result: yes
configure:5435: checking for inttypes.h
configure:5456: gcc -c -g -O2  conftest.c >&5
configure:5462: $? = 0
configure:5478: result: yes
configure:5435: checking for stdint.h
configure:5456: gcc -c -g -O2  conftest.c >&5
configure:5462: $? = 0
configure:5478: result: yes
configure:5435: checking for unistd.h
configure:5456: gcc -c -g -O2  conftest.c >&5
configure:5462: $? = 0
configure:5478: result: yes
configure:5505: checking dlfcn.h usability
configure:5522: gcc -c -g -O2  conftest.c >&5
configure:5528: $? = 0
configure:5542: result: yes
configure:5546: checking dlfcn.h presence
configure:5561: gcc -E  conftest.c
configure:5567: $? = 0
configure:5581: result: yes
configure:5614: checking for dlfcn.h
configure:5622: result: yes
configure:5645: checking how to run the C++ preprocessor
configure:5681: g++ -E  conftest.cpp
configure:5687: $? = 0
configure:5718: g++ -E  conftest.cpp
conftest.cpp:21:28: error: ac_nonexistent.h: No such file or directory
configure:5724: $? = 1
configure: failed program was:
| /* confdefs.h.  */
| #define PACKAGE_NAME "evolve"
| #define PACKAGE_TARNAME "evolve"
| #define PACKAGE_VERSION "1.0"
| #define PACKAGE_STRING "evolve 1.0"
| #define PACKAGE_BUGREPORT "stu26code@gmail.com"
| #define PACKAGE "evolve"
| #define VERSION "1.0"
| #define STDC_HEADERS 1
| #define HAVE_SYS_TYPES_H 1
| #define HAVE_SYS_STAT_H 1
| #define HAVE_STDLIB_H 1
| #define HAVE_STRING_H 1
| #define HAVE_MEMORY_H 1
| #define HAVE_STRINGS_H 1
| #define HAVE_INTTYPES_H 1
| #define HAVE_STDINT_H 1
| #define HAVE_UNISTD_H 1
| #define HAVE_DLFCN_H 1
| /* end confdefs.h.  */
| #include <ac_nonexistent.h>
configure:5757: result: g++ -E
configure:5786: g++ -E  conftest.cpp
configure:5792: $? = 0
configure:5823: g++ -E  conftest.cpp
conftest.cpp:21:28: error: ac_nonexistent.h: No such file or directory
configure:5829: $? = 1
configure: failed program was:
| /* confdefs.h.  */
| #define PACKAGE_NAME "evolve"
| #define PACKAGE_TARNAME "evolve"
| #define PACKAGE_VERSION "1.0"
| #define PACKAGE_STRING "evolve 1.0"
| #define PACKAGE_BUGREPORT "stu26code@gmail.com"
| #define PACKAGE "evolve"
| #define VERSION "1.0"
| #define STDC_HEADERS 1
| #define HAVE_SYS_TYPES_H 1
| #define HAVE_SYS_STAT_H 1
| #define HAVE_STDLIB_H 1
| #define HAVE_STRING_H 1
| #define HAVE_MEMORY_H 1
| #define HAVE_STRINGS_H 1
| #define HAVE_INTTYPES_H 1
| #define HAVE_STDINT_H 1
| #define HAVE_UNISTD_H 1
| #define HAVE_DLFCN_H 1
| /* end confdefs.h.  */
| #include <ac_nonexistent.h>
configure:5922: checking for g77
configure:5952: result: no
configure:5922: checking for xlf
configure:5952: result: no
configure:5922: checking for f77
configure:5952: result: no
configure:5922: checking for frt
configure:5952: result: no
configure:5922: checking for pgf77
configure:5952: result: no
configure:5922: checking for cf77
configure:5952: result: no
configure:5922: checking for fort77
configure:5952: result: no
configure:5922: checking for fl32
configure:5952: result: no
configure:5922: checking for af77
configure:5952: result: no
configure:5922: checking for xlf90
configure:5952: result: no
configure:5922: checking for f90
configure:5952: result: no
configure:5922: checking for pgf90
configure:5952: result: no
configure:5922: checking for pghpf
configure:5952: result: no
configure:5922: checking for epcf90
configure:5952: result: no
configure:5922: checking for gfortran
configure:5952: result: no
configure:5922: checking for g95
configure:5952: result: no
configure:5922: checking for xlf95
configure:5952: result: no
configure:5922: checking for f95
configure:5952: result: no
configure:5922: checking for fort
configure:5952: result: no
configure:5922: checking for ifort
configure:5952: result: no
configure:5922: checking for ifc
configure:5952: result: no
configure:5922: checking for efc
configure:5952: result: no
configure:5922: checking for pgf95
configure:5952: result: no
configure:5922: checking for lf95
configure:5952: result: no
configure:5922: checking for ftn
configure:5952: result: no
configure:5979: checking for Fortran 77 compiler version
configure:5986:  --version >&5
./configure: line 5987: --version: command not found
configure:5989: $? = 127
configure:5996:  -v >&5
./configure: line 5997: -v: command not found
configure:5999: $? = 127
configure:6006:  -V >&5
./configure: line 6007: -V: command not found
configure:6009: $? = 127
configure:6017: checking whether we are using the GNU Fortran 77 compiler
configure:6036:  -c  conftest.F >&5
./configure: line 6037: -c: command not found
configure:6042: $? = 127
configure: failed program was:
|       program main
| #ifndef __GNUC__
|        choke me
| #endif
| 
|       end
configure:6059: result: no
configure:6065: checking whether  accepts -g
configure:6082:  -c -g conftest.f >&5
./configure: line 6083: -c: command not found
configure:6088: $? = 127
configure: failed program was:
|       program main
| 
|       end
configure:6104: result: no
configure:6133: checking the maximum length of command line arguments
configure:6245: result: 98304
configure:6257: checking command to parse /usr/bin/nm -B output from gcc object
configure:6362: gcc -c -g -O2  conftest.c >&5
configure:6365: $? = 0
configure:6369: /usr/bin/nm -B conftest.o \| sed -n -e 's/^.*[ 	]\([ABCDGIRSTW][ABCDGIRSTW]*\)[ 	][ 	]*\([_A-Za-z][_A-Za-z0-9]*\)$/\1 \2 \2/p' \> conftest.nm
configure:6372: $? = 0
configure:6424: gcc -o conftest -g -O2   conftest.c conftstm.o >&5
configure:6427: $? = 0
configure:6465: result: ok
configure:6469: checking for objdir
configure:6484: result: .libs
configure:6576: checking for ar
configure:6592: found /usr/bin/ar
configure:6603: result: ar
configure:6672: checking for ranlib
configure:6688: found /usr/bin/ranlib
configure:6699: result: ranlib
configure:6768: checking for strip
configure:6784: found /usr/bin/strip
configure:6795: result: strip
configure:7393: checking if gcc supports -fno-rtti -fno-exceptions
configure:7411: gcc -c -g -O2  -fno-rtti -fno-exceptions conftest.c >&5
cc1: warning: command line option "-fno-rtti" is valid for C++/ObjC++ but not for C
configure:7415: $? = 0
configure:7428: result: no
configure:7443: checking for gcc option to produce PIC
configure:7675: result: -fPIC
configure:7683: checking if gcc PIC flag -fPIC works
configure:7701: gcc -c -g -O2  -fPIC -DPIC conftest.c >&5
configure:7705: $? = 0
configure:7718: result: yes
configure:7746: checking if gcc static flag -static works
configure:7774: result: yes
configure:7784: checking if gcc supports -c -o file.o
configure:7805: gcc -c -g -O2  -o out/conftest2.o conftest.c >&5
configure:7809: $? = 0
configure:7831: result: yes
configure:7857: checking whether the gcc linker (/usr/bin/ld -m elf_x86_64) supports shared libraries
configure:8838: result: yes
configure:8859: checking whether -lc should be explicitly linked in
configure:8864: gcc -c -g -O2  conftest.c >&5
configure:8867: $? = 0
configure:8882: gcc -shared conftest.o  -v -Wl,-soname -Wl,conftest -o conftest 2\>\&1 \| grep  -lc  \>/dev/null 2\>\&1
configure:8885: $? = 0
configure:8897: result: no
configure:8905: checking dynamic linker characteristics
configure:9519: result: GNU/Linux ld.so
configure:9543: checking how to hardcode library paths into programs
configure:9568: result: immediate
configure:9582: checking whether stripping libraries is possible
configure:9587: result: yes
configure:10389: checking if libtool supports shared libraries
configure:10391: result: yes
configure:10394: checking whether to build shared libraries
configure:10415: result: yes
configure:10418: checking whether to build static libraries
configure:10422: result: yes
configure:10516: creating libtool
configure:11109: checking for ld used by g++
configure:11176: result: /usr/bin/ld -m elf_x86_64
configure:11185: checking if the linker (/usr/bin/ld -m elf_x86_64) is GNU ld
configure:11200: result: yes
configure:11251: checking whether the g++ linker (/usr/bin/ld -m elf_x86_64) supports shared libraries
configure:12197: result: yes
configure:12214: g++ -c -g -O2  conftest.cpp >&5
configure:12217: $? = 0
configure:12373: checking for g++ option to produce PIC
configure:12657: result: -fPIC
configure:12665: checking if g++ PIC flag -fPIC works
configure:12683: g++ -c -g -O2  -fPIC -DPIC conftest.cpp >&5
configure:12687: $? = 0
configure:12700: result: yes
configure:12728: checking if g++ static flag -static works
configure:12756: result: yes
configure:12766: checking if g++ supports -c -o file.o
configure:12787: g++ -c -g -O2  -o out/conftest2.o conftest.cpp >&5
configure:12791: $? = 0
configure:12813: result: yes
configure:12839: checking whether the g++ linker (/usr/bin/ld -m elf_x86_64) supports shared libraries
configure:12868: result: yes
configure:12935: checking dynamic linker characteristics
configure:13497: result: GNU/Linux ld.so
configure:13521: checking how to hardcode library paths into programs
configure:13546: result: immediate
configure:19911: checking for X
configure:20081: gcc -o conftest -g -O2   conftest.c -lX11  >&5
configure:20087: $? = 0
configure:20146: result: libraries , headers 
configure:20150: checking for ANSI C header files
configure:20314: result: yes
configure:20346: checking arpa/inet.h usability
configure:20363: gcc -c -g -O2  conftest.c >&5
configure:20369: $? = 0
configure:20383: result: yes
configure:20387: checking arpa/inet.h presence
configure:20402: gcc -E  conftest.c
configure:20408: $? = 0
configure:20422: result: yes
configure:20455: checking for arpa/inet.h
configure:20463: result: yes
configure:20346: checking netinet/in.h usability
configure:20363: gcc -c -g -O2  conftest.c >&5
configure:20369: $? = 0
configure:20383: result: yes
configure:20387: checking netinet/in.h presence
configure:20402: gcc -E  conftest.c
configure:20408: $? = 0
configure:20422: result: yes
configure:20455: checking for netinet/in.h
configure:20463: result: yes
configure:20336: checking for stdlib.h
configure:20342: result: yes
configure:20336: checking for string.h
configure:20342: result: yes
configure:20346: checking sys/socket.h usability
configure:20363: gcc -c -g -O2  conftest.c >&5
configure:20369: $? = 0
configure:20383: result: yes
configure:20387: checking sys/socket.h presence
configure:20402: gcc -E  conftest.c
configure:20408: $? = 0
configure:20422: result: yes
configure:20455: checking for sys/socket.h
configure:20463: result: yes
configure:20346: checking sys/time.h usability
configure:20363: gcc -c -g -O2  conftest.c >&5
configure:20369: $? = 0
configure:20383: result: yes
configure:20387: checking sys/time.h presence
configure:20402: gcc -E  conftest.c
configure:20408: $? = 0
configure:20422: result: yes
configure:20455: checking for sys/time.h
configure:20463: result: yes
configure:20336: checking for unistd.h
configure:20342: result: yes
configure:20346: checking OGRE/Ogre.h usability
configure:20363: gcc -c -g -O2  conftest.c >&5
In file included from /usr/local/include/OGRE/OgrePrerequisites.h:32,
                 from /usr/local/include/OGRE/Ogre.h:32,
                 from conftest.c:62:
/usr/local/include/OGRE/OgrePlatform.h:34: error: expected '=', ',', ';', 'asm' or '__attribute__' before 'Ogre'
In file included from /usr/local/include/OGRE/OgreMemoryManager.h:46,
                 from /usr/local/include/OGRE/OgrePrerequisites.h:87,
                 from /usr/local/include/OGRE/Ogre.h:32,
                 from conftest.c:62:
/usr/local/include/OGRE/OgreStdHeaders.h:18:19: error: cassert: No such file or directory
/usr/local/include/OGRE/OgreStdHeaders.h:19:18: error: cstdio: No such file or directory
/usr/local/include/OGRE/OgreStdHeaders.h:20:19: error: cstdlib: No such file or directory
/usr/local/include/OGRE/OgreStdHeaders.h:21:17: error: ctime: No such file or directory
/usr/local/include/OGRE/OgreStdHeaders.h:22:19: error: cstring: No such file or directory
/usr/local/include/OGRE/OgreStdHeaders.h:23:19: error: cstdarg: No such file or directory
/usr/local/include/OGRE/OgreStdHeaders.h:24:17: error: cmath: No such file or directory
/usr/local/include/OGRE/OgreStdHeaders.h:27:18: error: vector: No such file or directory
/usr/local/include/OGRE/OgreStdHeaders.h:28:15: error: map: No such file or directory
/usr/local/include/OGRE/OgreStdHeaders.h:29:18: error: string: No such file or directory
/usr/local/include/OGRE/OgreStdHeaders.h:30:15: error: set: No such file or directory
/usr/local/include/OGRE/OgreStdHeaders.h:31:16: error: list: No such file or directory
/usr/local/include/OGRE/OgreStdHeaders.h:32:17: error: deque: No such file or directory
/usr/local/include/OGRE/OgreStdHeaders.h:33:17: error: queue: No such file or directory
/usr/local/include/OGRE/OgreStdHeaders.h:34:18: error: bitset: No such file or directory
/usr/local/include/OGRE/OgreStdHeaders.h:38:27: error: ext/hash_map: No such file or directory
/usr/local/include/OGRE/OgreStdHeaders.h:39:27: error: ext/hash_set: No such file or directory
/usr/local/include/OGRE/OgreStdHeaders.h:46:21: error: algorithm: No such file or directory
/usr/local/include/OGRE/OgreStdHeaders.h:47:22: error: functional: No such file or directory
/usr/local/include/OGRE/OgreStdHeaders.h:48:18: error: limits: No such file or directory
/usr/local/include/OGRE/OgreStdHeaders.h:51:19: error: fstream: No such file or directory
/usr/local/include/OGRE/OgreStdHeaders.h:52:20: error: iostream: No such file or directory
/usr/local/include/OGRE/OgreStdHeaders.h:53:19: error: iomanip: No such file or directory
/usr/local/include/OGRE/OgreStdHeaders.h:54:19: error: sstream: No such file or directory
In file included from /usr/local/include/OGRE/OgreMemoryManager.h:46,
                 from /usr/local/include/OGRE/OgrePrerequisites.h:87,
                 from /usr/local/include/OGRE/Ogre.h:32,
                 from conftest.c:62:
/usr/local/include/OGRE/OgreStdHeaders.h:63: error: expected identifier or '(' before string constant
/usr/local/include/OGRE/OgreStdHeaders.h:79: error: expected identifier or '(' before string constant
In file included from /usr/local/include/OGRE/OgrePrerequisites.h:87,
                 from /usr/local/include/OGRE/Ogre.h:32,
                 from conftest.c:62:
/usr/local/include/OGRE/OgreMemoryManager.h:48: error: expected '=', ',', ';', 'asm' or '__attribute__' before 'Ogre'
In file included from /usr/local/include/OGRE/Ogre.h:32,
                 from conftest.c:62:
/usr/local/include/OGRE/OgrePrerequisites.h:89: error: expected '=', ',', ';', 'asm' or '__attribute__' before 'Ogre'
In file included from /usr/local/include/OGRE/OgreAnimation.h:34,
                 from /usr/local/include/OGRE/Ogre.h:34,
                 from conftest.c:62:
/usr/local/include/OGRE/OgreString.h:38: error: expected '=', ',', ';', 'asm' or '__attribute__' before '__gnu_cxx'
/usr/local/include/OGRE/OgreString.h:61: error: expected '=', ',', ';', 'asm' or '__attribute__' before 'Ogre'
In file included from /usr/local/include/OGRE/OgreAnimation.h:35,
                 from /usr/local/include/OGRE/Ogre.h:34,
                 from conftest.c:62:
/usr/local/include/OGRE/OgreIteratorWrappers.h:34: error: expected '=', ',', ';', 'asm' or '__attribute__' before 'Ogre'
In file included from /usr/local/include/OGRE/OgreVector2.h:34,
                 from /usr/local/include/OGRE/OgreAnimable.h:33,
                 from /usr/local/include/OGRE/OgreAnimation.h:36,
                 from /usr/local/include/OGRE/Ogre.h:34,
                 from conftest.c:62:
/usr/local/include/OGRE/OgreMath.h:34: error: expected '=', ',', ';', 'asm' or '__attribute__' before 'Ogre'
In file included from /usr/local/include/OGRE/OgreAnimable.h:33,
                 from /usr/local/include/OGRE/OgreAnimation.h:36,
                 from /usr/local/include/OGRE/Ogre.h:34,
                 from conftest.c:62:
/usr/local/include/OGRE/OgreVector2.h:36: error: expected '=', ',', ';', 'asm' or '__attribute__' before 'Ogre'
In file included from /usr/local/include/OGRE/OgreVector3.h:34,
                 from /usr/local/include/OGRE/OgreAnimable.h:34,
                 from /usr/local/include/OGRE/OgreAnimation.h:36,
                 from /usr/local/include/OGRE/Ogre.h:34,
                 from conftest.c:62:
/usr/local/include/OGRE/OgreQuaternion.h:49: error: expected '=', ',', ';', 'asm' or '__attribute__' before 'Ogre'
In file included from /usr/local/include/OGRE/OgreAnimable.h:34,
                 from /usr/local/include/OGRE/OgreAnimation.h:36,
                 from /usr/local/include/OGRE/Ogre.h:34,
                 from conftest.c:62:
/usr/local/include/OGRE/OgreVector3.h:36: error: expected '=', ',', ';', 'asm' or '__attribute__' before 'Ogre'
In file included from /usr/local/include/OGRE/OgreAnimable.h:35,
                 from /usr/local/include/OGRE/OgreAnimation.h:36,
                 from /usr/local/include/OGRE/Ogre.h:34,
                 from conftest.c:62:
/usr/local/include/OGRE/OgreVector4.h:35: error: expected '=', ',', ';', 'asm' or '__attribute__' before 'Ogre'
In file included from /usr/local/include/OGRE/OgreAnimable.h:37,
                 from /usr/local/include/OGRE/OgreAnimation.h:36,
                 from /usr/local/include/OGRE/Ogre.h:34,
                 from conftest.c:62:
/usr/local/include/OGRE/OgreColourValue.h:34: error: expected '=', ',', ';', 'asm' or '__attribute__' before 'Ogre'
In file included from /usr/local/include/OGRE/OgreAnimable.h:38,
                 from /usr/local/include/OGRE/OgreAnimation.h:36,
                 from /usr/local/include/OGRE/Ogre.h:34,
                 from conftest.c:62:
/usr/local/include/OGRE/OgreSharedPtr.h:34: error: expected '=', ',', ';', 'asm' or '__attribute__' before 'Ogre'
In file included from /usr/local/include/OGRE/OgreAnimable.h:39,
                 from /usr/local/include/OGRE/OgreAnimation.h:36,
                 from /usr/local/include/OGRE/Ogre.h:34,
                 from conftest.c:62:
/usr/local/include/OGRE/OgreStringVector.h:38: error: expected '=', ',', ';', 'asm' or '__attribute__' before 'Ogre'
In file included from /usr/local/include/OGRE/OgreAnimable.h:40,
                 from /usr/local/include/OGRE/OgreAnimation.h:36,
                 from /usr/local/include/OGRE/Ogre.h:34,
                 from conftest.c:62:
/usr/local/include/OGRE/OgreException.h:35:21: error: exception: No such file or directory
In file included from /usr/local/include/OGRE/OgreAnimable.h:40,
                 from /usr/local/include/OGRE/OgreAnimation.h:36,
                 from /usr/local/include/OGRE/Ogre.h:34,
                 from conftest.c:62:
/usr/local/include/OGRE/OgreException.h:72: error: expected '=', ',', ';', 'asm' or '__attribute__' before 'Ogre'
In file included from /usr/local/include/OGRE/OgreAnimable.h:41,
                 from /usr/local/include/OGRE/OgreAnimation.h:36,
                 from /usr/local/include/OGRE/Ogre.h:34,
                 from conftest.c:62:
/usr/local/include/OGRE/OgreAny.h:44:20: error: typeinfo: No such file or directory
In file included from /usr/local/include/OGRE/OgreAnimable.h:41,
                 from /usr/local/include/OGRE/OgreAnimation.h:36,
                 from /usr/local/include/OGRE/Ogre.h:34,
                 from conftest.c:62:
/usr/local/include/OGRE/OgreAny.h:47: error: expected '=', ',', ';', 'asm' or '__attribute__' before 'Ogre'
In file included from /usr/local/include/OGRE/OgreAnimation.h:36,
                 from /usr/local/include/OGRE/Ogre.h:34,
                 from conftest.c:62:
/usr/local/include/OGRE/OgreAnimable.h:43: error: expected '=', ',', ';', 'asm' or '__attribute__' before 'Ogre'
In file included from /usr/local/include/OGRE/OgreMatrix4.h:36,
                 from /usr/local/include/OGRE/OgreSimpleSpline.h:35,
                 from /usr/local/include/OGRE/OgreAnimationTrack.h:34,
                 from /usr/local/include/OGRE/OgreAnimation.h:37,
                 from /usr/local/include/OGRE/Ogre.h:34,
                 from conftest.c:62:
/usr/local/include/OGRE/OgreMatrix3.h:54: error: expected '=', ',', ';', 'asm' or '__attribute__' before 'Ogre'
In file included from /usr/local/include/OGRE/OgreMatrix4.h:38,
                 from /usr/local/include/OGRE/OgreSimpleSpline.h:35,
                 from /usr/local/include/OGRE/OgreAnimationTrack.h:34,
                 from /usr/local/include/OGRE/OgreAnimation.h:37,
                 from /usr/local/include/OGRE/Ogre.h:34,
                 from conftest.c:62:
/usr/local/include/OGRE/OgrePlane.h:41: error: expected '=', ',', ';', 'asm' or '__attribute__' before 'Ogre'
In file included from /usr/local/include/OGRE/OgreSimpleSpline.h:35,
                 from /usr/local/include/OGRE/OgreAnimationTrack.h:34,
                 from /usr/local/include/OGRE/OgreAnimation.h:37,
                 from /usr/local/include/OGRE/Ogre.h:34,
                 from conftest.c:62:
/usr/local/include/OGRE/OgreMatrix4.h:39: error: expected '=', ',', ';', 'asm' or '__attribute__' before 'Ogre'
In file included from /usr/local/include/OGRE/OgreAnimationTrack.h:34,
                 from /usr/local/include/OGRE/OgreAnimation.h:37,
                 from /usr/local/include/OGRE/Ogre.h:34,
                 from conftest.c:62:
/usr/local/include/OGRE/OgreSimpleSpline.h:37: error: expected '=', ',', ';', 'asm' or '__attribute__' before 'Ogre'
In file included from /usr/local/include/OGRE/OgreAnimationTrack.h:35,
                 from /usr/local/include/OGRE/OgreAnimation.h:37,
                 from /usr/local/include/OGRE/Ogre.h:34,
                 from conftest.c:62:
/usr/local/include/OGRE/OgreRotationalSpline.h:35: error: expected '=', ',', ';', 'asm' or '__attribute__' before 'Ogre'
In file included from /usr/local/include/OGRE/OgreHardwareVertexBuffer.h:34,
                 from /usr/local/include/OGRE/OgreKeyFrame.h:37,
                 from /usr/local/include/OGRE/OgreAnimationTrack.h:36,
                 from /usr/local/include/OGRE/OgreAnimation.h:37,
                 from /usr/local/include/OGRE/Ogre.h:34,
                 from conftest.c:62:
/usr/local/include/OGRE/OgreHardwareBuffer.h:35: error: expected '=', ',', ';', 'asm' or '__attribute__' before 'Ogre'
In file included from /usr/local/include/OGRE/OgreKeyFrame.h:37,
                 from /usr/local/include/OGRE/OgreAnimationTrack.h:36,
                 from /usr/local/include/OGRE/OgreAnimation.h:37,
                 from /usr/local/include/OGRE/Ogre.h:34,
                 from conftest.c:62:
/usr/local/include/OGRE/OgreHardwareVertexBuffer.h:38: error: expected '=', ',', ';', 'asm' or '__attribute__' before 'Ogre'
In file included from /usr/local/include/OGRE/OgreAnimationTrack.h:36,
                 from /usr/local/include/OGRE/OgreAnimation.h:37,
                 from /usr/local/include/OGRE/Ogre.h:34,
                 from conftest.c:62:
/usr/local/include/OGRE/OgreKeyFrame.h:40: error: expected '=', ',', ';', 'asm' or '__attribute__' before 'Ogre'
In file included from /usr/local/include/OGRE/OgreAnimationTrack.h:38,
                 from /usr/local/include/OGRE/OgreAnimation.h:37,
                 from /usr/local/include/OGRE/Ogre.h:34,
                 from conftest.c:62:
/usr/local/include/OGRE/OgrePose.h:38: error: expected '=', ',', ';', 'asm' or '__attribute__' before 'Ogre'
In file included from /usr/local/include/OGRE/OgreAnimation.h:37,
                 from /usr/local/include/OGRE/Ogre.h:34,
                 from conftest.c:62:
/usr/local/include/OGRE/OgreAnimationTrack.h:40: error: expected '=', ',', ';', 'asm' or '__attribute__' before 'Ogre'
In file included from /usr/local/include/OGRE/Ogre.h:34,
                 from conftest.c:62:
/usr/local/include/OGRE/OgreAnimation.h:40: error: expected '=', ',', ';', 'asm' or '__attribute__' before 'Ogre'
In file included from /usr/local/include/OGRE/OgreAnimationState.h:36,
                 from /usr/local/include/OGRE/Ogre.h:35,
                 from conftest.c:62:
/usr/local/include/OGRE/OgreController.h:36: error: expected '=', ',', ';', 'asm' or '__attribute__' before 'Ogre'
In file included from /usr/local/include/OGRE/Ogre.h:35,
                 from conftest.c:62:
/usr/local/include/OGRE/OgreAnimationState.h:39: error: expected '=', ',', ';', 'asm' or '__attribute__' before 'Ogre'
In file included from /usr/local/include/OGRE/OgreArchive.h:34,
                 from /usr/local/include/OGRE/Ogre.h:38,
                 from conftest.c:62:
/usr/local/include/OGRE/OgreDataStream.h:35:19: error: istream: No such file or directory
In file included from /usr/local/include/OGRE/OgreArchive.h:34,
                 from /usr/local/include/OGRE/Ogre.h:38,
                 from conftest.c:62:
/usr/local/include/OGRE/OgreDataStream.h:37: error: expected '=', ',', ';', 'asm' or '__attribute__' before 'Ogre'
In file included from /usr/local/include/OGRE/Ogre.h:38,
                 from conftest.c:62:
/usr/local/include/OGRE/OgreArchive.h:38: error: expected '=', ',', ';', 'asm' or '__attribute__' before 'Ogre'
In file included from /usr/local/include/OGRE/OgreStringInterface.h:35,
                 from /usr/local/include/OGRE/OgreResource.h:35,
                 from /usr/local/include/OGRE/OgreResourceManager.h:34,
                 from /usr/local/include/OGRE/OgreArchiveManager.h:34,
                 from /usr/local/include/OGRE/Ogre.h:39,
                 from conftest.c:62:
/usr/local/include/OGRE/OgreCommon.h:39:19: error: utility: No such file or directory
In file included from /usr/local/include/OGRE/OgreStringInterface.h:35,
                 from /usr/local/include/OGRE/OgreResource.h:35,
                 from /usr/local/include/OGRE/OgreResourceManager.h:34,
                 from /usr/local/include/OGRE/OgreArchiveManager.h:34,
                 from /usr/local/include/OGRE/Ogre.h:39,
                 from conftest.c:62:
/usr/local/include/OGRE/OgreCommon.h:47: error: expected '=', ',', ';', 'asm' or '__attribute__' before 'Ogre'
In file included from /usr/local/include/OGRE/OgreResource.h:35,
                 from /usr/local/include/OGRE/OgreResourceManager.h:34,
                 from /usr/local/include/OGRE/OgreArchiveManager.h:34,
                 from /usr/local/include/OGRE/Ogre.h:39,
                 from conftest.c:62:
/usr/local/include/OGRE/OgreStringInterface.h:37: error: expected '=', ',', ';', 'asm' or '__attribute__' before 'Ogre'
In file included from /usr/local/include/OGRE/OgreResourceManager.h:34,
                 from /usr/local/include/OGRE/OgreArchiveManager.h:34,
                 from /usr/local/include/OGRE/Ogre.h:39,
                 from conftest.c:62:
/usr/local/include/OGRE/OgreResource.h:37: error: expected '=', ',', ';', 'asm' or '__attribute__' before 'Ogre'
In file included from /usr/local/include/OGRE/OgreResourceGroupManager.h:33,
                 from /usr/local/include/OGRE/OgreResourceManager.h:35,
                 from /usr/local/include/OGRE/OgreArchiveManager.h:34,
                 from /usr/local/include/OGRE/Ogre.h:39,
                 from conftest.c:62:
/usr/local/include/OGRE/OgreSingleton.h:53: error: expected '=', ',', ';', 'asm' or '__attribute__' before 'Ogre'
In file included from /usr/local/include/OGRE/OgreResourceManager.h:35,
                 from /usr/local/include/OGRE/OgreArchiveManager.h:34,
                 from /usr/local/include/OGRE/Ogre.h:39,
                 from conftest.c:62:
/usr/local/include/OGRE/OgreResourceGroupManager.h:40: error: expected '=', ',', ';', 'asm' or '__attribute__' before 'Ogre'
In file included from /usr/local/include/OGRE/OgreResourceManager.h:40,
                 from /usr/local/include/OGRE/OgreArchiveManager.h:34,
                 from /usr/local/include/OGRE/Ogre.h:39,
                 from conftest.c:62:
/usr/local/include/OGRE/OgreScriptLoader.h:36: error: expected '=', ',', ';', 'asm' or '__attribute__' before 'Ogre'
In file included from /usr/local/include/OGRE/OgreArchiveManager.h:34,
                 from /usr/local/include/OGRE/Ogre.h:39,
                 from conftest.c:62:
/usr/local/include/OGRE/OgreResourceManager.h:42: error: expected '=', ',', ';', 'asm' or '__attribute__' before 'Ogre'
In file included from /usr/local/include/OGRE/Ogre.h:39,
                 from conftest.c:62:
/usr/local/include/OGRE/OgreArchiveManager.h:37: error: expected '=', ',', ';', 'asm' or '__attribute__' before 'Ogre'
In file included from /usr/local/include/OGRE/Ogre.h:40,
                 from conftest.c:62:
/usr/local/include/OGRE/OgreAxisAlignedBox.h:38: error: expected '=', ',', ';', 'asm' or '__attribute__' before 'Ogre'
In file included from /usr/local/include/OGRE/OgreMovableObject.h:35,
                 from /usr/local/include/OGRE/OgreBillboardChain.h:38,
                 from /usr/local/include/OGRE/Ogre.h:41,
                 from conftest.c:62:
/usr/local/include/OGRE/OgreRenderQueue.h:35: error: expected '=', ',', ';', 'asm' or '__attribute__' before 'Ogre'
In file included from /usr/local/include/OGRE/OgreMovableObject.h:37,
                 from /usr/local/include/OGRE/OgreBillboardChain.h:38,
                 from /usr/local/include/OGRE/Ogre.h:41,
                 from conftest.c:62:
/usr/local/include/OGRE/OgreSphere.h:37: error: expected '=', ',', ';', 'asm' or '__attribute__' before 'Ogre'
In file included from /usr/local/include/OGRE/OgreVertexIndexData.h:34,
                 from /usr/local/include/OGRE/OgreRenderOperation.h:33,
                 from /usr/local/include/OGRE/OgreRenderable.h:35,
                 from /usr/local/include/OGRE/OgreShadowCaster.h:33,
                 from /usr/local/include/OGRE/OgreMovableObject.h:38,
                 from /usr/local/include/OGRE/OgreBillboardChain.h:38,
                 from /usr/local/include/OGRE/Ogre.h:41,
                 from conftest.c:62:
/usr/local/include/OGRE/OgreHardwareIndexBuffer.h:37: error: expected '=', ',', ';', 'asm' or '__attribute__' before 'Ogre'
In file included from /usr/local/include/OGRE/OgreRenderOperation.h:33,
                 from /usr/local/include/OGRE/OgreRenderable.h:35,
                 from /usr/local/include/OGRE/OgreShadowCaster.h:33,
                 from /usr/local/include/OGRE/OgreMovableObject.h:38,
                 from /usr/local/include/OGRE/OgreBillboardChain.h:38,
                 from /usr/local/include/OGRE/Ogre.h:41,
                 from conftest.c:62:
/usr/local/include/OGRE/OgreVertexIndexData.h:36: error: expected '=', ',', ';', 'asm' or '__attribute__' before 'Ogre'
In file included from /usr/local/include/OGRE/OgreRenderable.h:35,
                 from /usr/local/include/OGRE/OgreShadowCaster.h:33,
                 from /usr/local/include/OGRE/OgreMovableObject.h:38,
                 from /usr/local/include/OGRE/OgreBillboardChain.h:38,
                 from /usr/local/include/OGRE/Ogre.h:41,
                 from conftest.c:62:
/usr/local/include/OGRE/OgreRenderOperation.h:35: error: expected '=', ',', ';', 'asm' or '__attribute__' before 'Ogre'
In file included from /usr/local/include/OGRE/OgreMaterial.h:38,
                 from /usr/local/include/OGRE/OgreRenderable.h:37,
                 from /usr/local/include/OGRE/OgreShadowCaster.h:33,
                 from /usr/local/include/OGRE/OgreMovableObject.h:38,
                 from /usr/local/include/OGRE/OgreBillboardChain.h:38,
                 from /usr/local/include/OGRE/Ogre.h:41,
                 from conftest.c:62:
/usr/local/include/OGRE/OgreBlendMode.h:35: error: expected '=', ',', ';', 'asm' or '__attribute__' before 'Ogre'
In file included from /usr/local/include/OGRE/OgreRenderable.h:37,
                 from /usr/local/include/OGRE/OgreShadowCaster.h:33,
                 from /usr/local/include/OGRE/OgreMovableObject.h:38,
                 from /usr/local/include/OGRE/OgreBillboardChain.h:38,
                 from /usr/local/include/OGRE/Ogre.h:41,
                 from conftest.c:62:
/usr/local/include/OGRE/OgreMaterial.h:41: error: expected '=', ',', ';', 'asm' or '__attribute__' before 'Ogre'
In file included from /usr/local/include/OGRE/OgreRenderable.h:39,
                 from /usr/local/include/OGRE/OgreShadowCaster.h:33,
                 from /usr/local/include/OGRE/OgreMovableObject.h:38,
                 from /usr/local/include/OGRE/OgreBillboardChain.h:38,
                 from /usr/local/include/OGRE/Ogre.h:41,
                 from conftest.c:62:
/usr/local/include/OGRE/OgreGpuProgram.h:38: error: expected '=', ',', ';', 'asm' or '__attribute__' before 'Ogre'
In file included from /usr/local/include/OGRE/OgreShadowCaster.h:33,
                 from /usr/local/include/OGRE/OgreMovableObject.h:38,
                 from /usr/local/include/OGRE/OgreBillboardChain.h:38,
                 from /usr/local/include/OGRE/Ogre.h:41,
                 from conftest.c:62:
/usr/local/include/OGRE/OgreRenderable.h:43: error: expected '=', ',', ';', 'asm' or '__attribute__' before 'Ogre'
In file included from /usr/local/include/OGRE/OgreMovableObject.h:38,
                 from /usr/local/include/OGRE/OgreBillboardChain.h:38,
                 from /usr/local/include/OGRE/Ogre.h:41,
                 from conftest.c:62:
/usr/local/include/OGRE/OgreShadowCaster.h:36: error: expected '=', ',', ';', 'asm' or '__attribute__' before 'Ogre'
In file included from /usr/local/include/OGRE/OgreMovableObject.h:39,
                 from /usr/local/include/OGRE/OgreBillboardChain.h:38,
                 from /usr/local/include/OGRE/Ogre.h:41,
                 from conftest.c:62:
/usr/local/include/OGRE/OgreFactoryObj.h:34: error: expected '=', ',', ';', 'asm' or '__attribute__' before 'Ogre'
In file included from /usr/local/include/OGRE/OgreMovableObject.h:42,
                 from /usr/local/include/OGRE/OgreBillboardChain.h:38,
                 from /usr/local/include/OGRE/Ogre.h:41,
                 from conftest.c:62:
/usr/local/include/OGRE/OgreUserDefinedObject.h:34: error: expected '=', ',', ';', 'asm' or '__attribute__' before 'Ogre'
In file included from /usr/local/include/OGRE/OgreBillboardChain.h:38,
                 from /usr/local/include/OGRE/Ogre.h:41,
                 from conftest.c:62:
/usr/local/include/OGRE/OgreMovableObject.h:44: error: expected '=', ',', ';', 'asm' or '__attribute__' before 'Ogre'
In file included from /usr/local/include/OGRE/Ogre.h:41,
                 from conftest.c:62:
/usr/local/include/OGRE/OgreBillboardChain.h:41: error: expected '=', ',', ';', 'asm' or '__attribute__' before 'Ogre'
In file included from /usr/local/include/OGRE/OgreBillboardSet.h:37,
                 from /usr/local/include/OGRE/Ogre.h:42,
                 from conftest.c:62:
/usr/local/include/OGRE/OgreRadixSort.h:34: error: expected '=', ',', ';', 'asm' or '__attribute__' before 'Ogre'
In file included from /usr/local/include/OGRE/Ogre.h:42,
                 from conftest.c:62:
/usr/local/include/OGRE/OgreBillboardSet.h:40: error: expected '=', ',', ';', 'asm' or '__attribute__' before 'Ogre'
In file included from /usr/local/include/OGRE/OgreBone.h:34,
                 from /usr/local/include/OGRE/Ogre.h:43,
                 from conftest.c:62:
/usr/local/include/OGRE/OgreNode.h:41: error: expected '=', ',', ';', 'asm' or '__attribute__' before 'Ogre'
In file included from /usr/local/include/OGRE/Ogre.h:43,
                 from conftest.c:62:
/usr/local/include/OGRE/OgreBone.h:37: error: expected '=', ',', ';', 'asm' or '__attribute__' before 'Ogre'
In file included from /usr/local/include/OGRE/OgreFrustum.h:37,
                 from /usr/local/include/OGRE/OgreCamera.h:44,
                 from /usr/local/include/OGRE/Ogre.h:44,
                 from conftest.c:62:
/usr/local/include/OGRE/OgreMovablePlane.h:42: error: expected '=', ',', ';', 'asm' or '__attribute__' before 'Ogre'
In file included from /usr/local/include/OGRE/OgreCamera.h:44,
                 from /usr/local/include/OGRE/Ogre.h:44,
                 from conftest.c:62:
/usr/local/include/OGRE/OgreFrustum.h:39: error: expected '=', ',', ';', 'asm' or '__attribute__' before 'Ogre'
In file included from /usr/local/include/OGRE/OgreRay.h:36,
                 from /usr/local/include/OGRE/OgreCamera.h:45,
                 from /usr/local/include/OGRE/Ogre.h:44,
                 from conftest.c:62:
/usr/local/include/OGRE/OgrePlaneBoundedVolume.h:39: error: expected '=', ',', ';', 'asm' or '__attribute__' before 'Ogre'
In file included from /usr/local/include/OGRE/OgreCamera.h:45,
                 from /usr/local/include/OGRE/Ogre.h:44,
                 from conftest.c:62:
/usr/local/include/OGRE/OgreRay.h:38: error: expected '=', ',', ';', 'asm' or '__attribute__' before 'Ogre'
In file included from /usr/local/include/OGRE/Ogre.h:44,
                 from conftest.c:62:
/usr/local/include/OGRE/OgreCamera.h:48: error: expected '=', ',', ';', 'asm' or '__attribute__' before 'Ogre'
In file included from /usr/local/include/OGRE/Ogre.h:45,
                 from conftest.c:62:
/usr/local/include/OGRE/OgreConfigFile.h:39: error: expected '=', ',', ';', 'asm' or '__attribute__' before 'Ogre'
In file included from /usr/local/include/OGRE/OgrePredefinedControllers.h:36,
                 from /usr/local/include/OGRE/OgreControllerManager.h:37,
                 from /usr/local/include/OGRE/Ogre.h:46,
                 from conftest.c:62:
/usr/local/include/OGRE/OgreFrameListener.h:35: error: expected '=', ',', ';', 'asm' or '__attribute__' before 'Ogre'
In file included from /usr/local/include/OGRE/OgreControllerManager.h:37,
                 from /usr/local/include/OGRE/Ogre.h:46,
                 from conftest.c:62:
/usr/local/include/OGRE/OgrePredefinedControllers.h:39: error: expected '=', ',', ';', 'asm' or '__attribute__' before 'Ogre'
In file included from /usr/local/include/OGRE/OgreImage.h:34,
                 from /usr/local/include/OGRE/OgreTexture.h:35,
                 from /usr/local/include/OGRE/OgreTextureUnitState.h:38,
                 from /usr/local/include/OGRE/OgreControllerManager.h:38,
                 from /usr/local/include/OGRE/Ogre.h:46,
                 from conftest.c:62:
/usr/local/include/OGRE/OgrePixelFormat.h:35: error: expected '=', ',', ';', 'asm' or '__attribute__' before 'Ogre'
In file included from /usr/local/include/OGRE/OgreTexture.h:35,
                 from /usr/local/include/OGRE/OgreTextureUnitState.h:38,
                 from /usr/local/include/OGRE/OgreControllerManager.h:38,
                 from /usr/local/include/OGRE/Ogre.h:46,
                 from conftest.c:62:
/usr/local/include/OGRE/OgreImage.h:37: error: expected '=', ',', ';', 'asm' or '__attribute__' before 'Ogre'
In file included from /usr/local/include/OGRE/OgreTextureUnitState.h:38,
                 from /usr/local/include/OGRE/OgreControllerManager.h:38,
                 from /usr/local/include/OGRE/Ogre.h:46,
                 from conftest.c:62:
/usr/local/include/OGRE/OgreTexture.h:37: error: expected '=', ',', ';', 'asm' or '__attribute__' before 'Ogre'
In file included from /usr/local/include/OGRE/OgreControllerManager.h:38,
                 from /usr/local/include/OGRE/Ogre.h:46,
                 from conftest.c:62:
/usr/local/include/OGRE/OgreTextureUnitState.h:40: error: expected '=', ',', ';', 'asm' or '__attribute__' before 'Ogre'
In file included from /usr/local/include/OGRE/Ogre.h:46,
                 from conftest.c:62:
/usr/local/include/OGRE/OgreControllerManager.h:41: error: expected '=', ',', ';', 'asm' or '__attribute__' before 'Ogre'
In file included from /usr/local/include/OGRE/OgreEntity.h:39,
                 from /usr/local/include/OGRE/Ogre.h:48,
                 from conftest.c:62:
/usr/local/include/OGRE/OgreHardwareBufferManager.h:40: error: expected '=', ',', ';', 'asm' or '__attribute__' before 'Ogre'
In file included from /usr/local/include/OGRE/OgreMesh.h:37,
                 from /usr/local/include/OGRE/OgreEntity.h:40,
                 from /usr/local/include/OGRE/Ogre.h:48,
                 from conftest.c:62:
/usr/local/include/OGRE/OgreVertexBoneAssignment.h:36: error: expected '=', ',', ';', 'asm' or '__attribute__' before 'Ogre'
In file included from /usr/local/include/OGRE/OgreMesh.h:39,
                 from /usr/local/include/OGRE/OgreEntity.h:40,
                 from /usr/local/include/OGRE/Ogre.h:48,
                 from conftest.c:62:
/usr/local/include/OGRE/OgreProgressiveMesh.h:44: error: expected '=', ',', ';', 'asm' or '__attribute__' before 'Ogre'
In file included from /usr/local/include/OGRE/OgreMesh.h:41,
                 from /usr/local/include/OGRE/OgreEntity.h:40,
                 from /usr/local/include/OGRE/Ogre.h:48,
                 from conftest.c:62:
/usr/local/include/OGRE/OgreSkeleton.h:40: error: expected '=', ',', ';', 'asm' or '__attribute__' before 'Ogre'
In file included from /usr/local/include/OGRE/OgreEntity.h:40,
                 from /usr/local/include/OGRE/Ogre.h:48,
                 from conftest.c:62:
/usr/local/include/OGRE/OgreMesh.h:46: error: expected '=', ',', ';', 'asm' or '__attribute__' before 'Ogre'
In file included from /usr/local/include/OGRE/Ogre.h:48,
                 from conftest.c:62:
/usr/local/include/OGRE/OgreEntity.h:42: error: expected '=', ',', ';', 'asm' or '__attribute__' before 'Ogre'
In file included from /usr/local/include/OGRE/Ogre.h:52,
                 from conftest.c:62:
/usr/local/include/OGRE/OgreGpuProgramManager.h:39: error: expected '=', ',', ';', 'asm' or '__attribute__' before 'Ogre'
In file included from /usr/local/include/OGRE/Ogre.h:55,
                 from conftest.c:62:
/usr/local/include/OGRE/OgreHardwarePixelBuffer.h:39: error: expected '=', ',', ';', 'asm' or '__attribute__' before 'Ogre'
In file included from /usr/local/include/OGRE/Ogre.h:56,
                 from conftest.c:62:
/usr/local/include/OGRE/OgreHardwareOcclusionQuery.h:35: error: expected '=', ',', ';', 'asm' or '__attribute__' before 'Ogre'
In file included from /usr/local/include/OGRE/Ogre.h:59,
                 from conftest.c:62:
/usr/local/include/OGRE/OgreHighLevelGpuProgram.h:35: error: expected '=', ',', ';', 'asm' or '__attribute__' before 'Ogre'
In file included from /usr/local/include/OGRE/Ogre.h:60,
                 from conftest.c:62:
/usr/local/include/OGRE/OgreHighLevelGpuProgramManager.h:38: error: expected '=', ',', ';', 'asm' or '__attribute__' before 'Ogre'
In file included from /usr/local/include/OGRE/OgreLight.h:40,
                 from /usr/local/include/OGRE/Ogre.h:62,
                 from conftest.c:62:
/usr/local/include/OGRE/OgreShadowCameraSetup.h:37: error: expected '=', ',', ';', 'asm' or '__attribute__' before 'Ogre'
In file included from /usr/local/include/OGRE/Ogre.h:62,
                 from conftest.c:62:
/usr/local/include/OGRE/OgreLight.h:42: error: expected '=', ',', ';', 'asm' or '__attribute__' before 'Ogre'
In file included from /usr/local/include/OGRE/OgreLogManager.h:35,
                 from /usr/local/include/OGRE/Ogre.h:63,
                 from conftest.c:62:
/usr/local/include/OGRE/OgreLog.h:35: error: expected '=', ',', ';', 'asm' or '__attribute__' before 'Ogre'
In file included from /usr/local/include/OGRE/Ogre.h:63,
                 from conftest.c:62:
/usr/local/include/OGRE/OgreLogManager.h:39: error: expected '=', ',', ';', 'asm' or '__attribute__' before 'Ogre'
In file included from /usr/local/include/OGRE/Ogre.h:64,
                 from conftest.c:62:
/usr/local/include/OGRE/OgreManualObject.h:39: error: expected '=', ',', ';', 'asm' or '__attribute__' before 'Ogre'
In file included from /usr/local/include/OGRE/OgreMaterialManager.h:38,
                 from /usr/local/include/OGRE/Ogre.h:66,
                 from conftest.c:62:
/usr/local/include/OGRE/OgreMaterialSerializer.h:39: error: expected '=', ',', ';', 'asm' or '__attribute__' before 'Ogre'
In file included from /usr/local/include/OGRE/Ogre.h:66,
                 from conftest.c:62:
/usr/local/include/OGRE/OgreMaterialManager.h:48: error: expected '=', ',', ';', 'asm' or '__attribute__' before 'Ogre'
In file included from /usr/local/include/OGRE/OgrePatchMesh.h:34,
                 from /usr/local/include/OGRE/OgreMeshManager.h:39,
                 from /usr/local/include/OGRE/Ogre.h:72,
                 from conftest.c:62:
/usr/local/include/OGRE/OgrePatchSurface.h:39: error: expected '=', ',', ';', 'asm' or '__attribute__' before 'Ogre'
In file included from /usr/local/include/OGRE/OgreMeshManager.h:39,
                 from /usr/local/include/OGRE/Ogre.h:72,
                 from conftest.c:62:
/usr/local/include/OGRE/OgrePatchMesh.h:36: error: expected '=', ',', ';', 'asm' or '__attribute__' before 'Ogre'
In file included from /usr/local/include/OGRE/Ogre.h:72,
                 from conftest.c:62:
/usr/local/include/OGRE/OgreMeshManager.h:41: error: expected '=', ',', ';', 'asm' or '__attribute__' before 'Ogre'
In file included from /usr/local/include/OGRE/OgreMeshSerializerImpl.h:35,
                 from /usr/local/include/OGRE/OgreMeshSerializer.h:34,
                 from /usr/local/include/OGRE/Ogre.h:73,
                 from conftest.c:62:
/usr/local/include/OGRE/OgreSerializer.h:37: error: expected '=', ',', ';', 'asm' or '__attribute__' before 'Ogre'
In file included from /usr/local/include/OGRE/OgreEdgeListBuilder.h:36,
                 from /usr/local/include/OGRE/OgreMeshSerializerImpl.h:38,
                 from /usr/local/include/OGRE/OgreMeshSerializer.h:34,
                 from /usr/local/include/OGRE/Ogre.h:73,
                 from conftest.c:62:
/usr/local/include/OGRE/OgreAlignedAllocator.h:34: error: expected '=', ',', ';', 'asm' or '__attribute__' before 'Ogre'
In file included from /usr/local/include/OGRE/OgreMeshSerializerImpl.h:38,
                 from /usr/local/include/OGRE/OgreMeshSerializer.h:34,
                 from /usr/local/include/OGRE/Ogre.h:73,
                 from conftest.c:62:
/usr/local/include/OGRE/OgreEdgeListBuilder.h:38: error: expected '=', ',', ';', 'asm' or '__attribute__' before 'Ogre'
In file included from /usr/local/include/OGRE/OgreMeshSerializer.h:34,
                 from /usr/local/include/OGRE/Ogre.h:73,
                 from conftest.c:62:
/usr/local/include/OGRE/OgreMeshSerializerImpl.h:40: error: expected '=', ',', ';', 'asm' or '__attribute__' before 'Ogre'
In file included from /usr/local/include/OGRE/Ogre.h:73,
                 from conftest.c:62:
/usr/local/include/OGRE/OgreMeshSerializer.h:37: error: expected '=', ',', ';', 'asm' or '__attribute__' before 'Ogre'
In file included from /usr/local/include/OGRE/OgreOverlay.h:34,
                 from /usr/local/include/OGRE/Ogre.h:74,
                 from conftest.c:62:
/usr/local/include/OGRE/OgreSceneNode.h:38: error: expected '=', ',', ';', 'asm' or '__attribute__' before 'Ogre'
In file included from /usr/local/include/OGRE/Ogre.h:74,
                 from conftest.c:62:
/usr/local/include/OGRE/OgreOverlay.h:38: error: expected '=', ',', ';', 'asm' or '__attribute__' before 'Ogre'
In file included from /usr/local/include/OGRE/OgreOverlayElement.h:36,
                 from /usr/local/include/OGRE/OgreOverlayContainer.h:34,
                 from /usr/local/include/OGRE/Ogre.h:75,
                 from conftest.c:62:
/usr/local/include/OGRE/OgreUTFString.h:36:20: error: iterator: No such file or directory
/usr/local/include/OGRE/OgreUTFString.h:38:21: error: stdexcept: No such file or directory
In file included from /usr/local/include/OGRE/OgreOverlayElement.h:36,
                 from /usr/local/include/OGRE/OgreOverlayContainer.h:34,
                 from /usr/local/include/OGRE/Ogre.h:75,
                 from conftest.c:62:
/usr/local/include/OGRE/OgreUTFString.h:65: error: expected '=', ',', ';', 'asm' or '__attribute__' before 'Ogre'
In file included from /usr/local/include/OGRE/OgreOverlayElement.h:38,
                 from /usr/local/include/OGRE/OgreOverlayContainer.h:34,
                 from /usr/local/include/OGRE/Ogre.h:75,
                 from conftest.c:62:
/usr/local/include/OGRE/OgreOverlayElementCommands.h:35: error: expected '=', ',', ';', 'asm' or '__attribute__' before 'Ogre'
In file included from /usr/local/include/OGRE/OgreOverlayElement.h:41,
                 from /usr/local/include/OGRE/OgreOverlayContainer.h:34,
                 from /usr/local/include/OGRE/Ogre.h:75,
                 from conftest.c:62:
/usr/local/include/OGRE/OgreRectangle.h:34: error: expected '=', ',', ';', 'asm' or '__attribute__' before 'Ogre'
In file included from /usr/local/include/OGRE/OgreOverlayContainer.h:34,
                 from /usr/local/include/OGRE/Ogre.h:75,
                 from conftest.c:62:
/usr/local/include/OGRE/OgreOverlayElement.h:43: error: expected '=', ',', ';', 'asm' or '__attribute__' before 'Ogre'
In file included from /usr/local/include/OGRE/Ogre.h:75,
                 from conftest.c:62:
/usr/local/include/OGRE/OgreOverlayContainer.h:38: error: expected '=', ',', ';', 'asm' or '__attribute__' before 'Ogre'
In file included from /usr/local/include/OGRE/Ogre.h:77,
                 from conftest.c:62:
/usr/local/include/OGRE/OgreOverlayManager.h:38: error: expected '=', ',', ';', 'asm' or '__attribute__' before 'Ogre'
In file included from /usr/local/include/OGRE/Ogre.h:78,
                 from conftest.c:62:
/usr/local/include/OGRE/OgreParticleAffector.h:37: error: expected '=', ',', ';', 'asm' or '__attribute__' before 'Ogre'
In file included from /usr/local/include/OGRE/OgreParticleEmitter.h:37,
                 from /usr/local/include/OGRE/Ogre.h:79,
                 from conftest.c:62:
/usr/local/include/OGRE/OgreParticleEmitterCommands.h:35: error: expected '=', ',', ';', 'asm' or '__attribute__' before 'Ogre'
In file included from /usr/local/include/OGRE/OgreParticle.h:33,
                 from /usr/local/include/OGRE/OgreParticleEmitter.h:38,
                 from /usr/local/include/OGRE/Ogre.h:79,
                 from conftest.c:62:
/usr/local/include/OGRE/OgreBillboard.h:39: error: expected '=', ',', ';', 'asm' or '__attribute__' before 'Ogre'
In file included from /usr/local/include/OGRE/OgreParticleEmitter.h:38,
                 from /usr/local/include/OGRE/Ogre.h:79,
                 from conftest.c:62:
/usr/local/include/OGRE/OgreParticle.h:35: error: expected '=', ',', ';', 'asm' or '__attribute__' before 'Ogre'
In file included from /usr/local/include/OGRE/Ogre.h:79,
                 from conftest.c:62:
/usr/local/include/OGRE/OgreParticleEmitter.h:41: error: expected '=', ',', ';', 'asm' or '__attribute__' before 'Ogre'
In file included from /usr/local/include/OGRE/OgreParticleSystem.h:36,
                 from /usr/local/include/OGRE/OgreParticleSystemManager.h:34,
                 from /usr/local/include/OGRE/Ogre.h:80,
                 from conftest.c:62:
/usr/local/include/OGRE/OgreParticleIterator.h:34: error: expected '=', ',', ';', 'asm' or '__attribute__' before 'Ogre'
In file included from /usr/local/include/OGRE/OgreParticleSystemManager.h:34,
                 from /usr/local/include/OGRE/Ogre.h:80,
                 from conftest.c:62:
/usr/local/include/OGRE/OgreParticleSystem.h:43: error: expected '=', ',', ';', 'asm' or '__attribute__' before 'Ogre'
In file included from /usr/local/include/OGRE/Ogre.h:80,
                 from conftest.c:62:
/usr/local/include/OGRE/OgreParticleSystemManager.h:41: error: expected '=', ',', ';', 'asm' or '__attribute__' before 'Ogre'
In file included from /usr/local/include/OGRE/Ogre.h:81,
                 from conftest.c:62:
/usr/local/include/OGRE/OgrePass.h:40: error: expected '=', ',', ';', 'asm' or '__attribute__' before 'Ogre'
In file included from /usr/local/include/OGRE/Ogre.h:84,
                 from conftest.c:62:
/usr/local/include/OGRE/OgreProfiler.h:66: error: expected '=', ',', ';', 'asm' or '__attribute__' before 'Ogre'
In file included from /usr/local/include/OGRE/OgreRenderQueueSortingGrouping.h:36,
                 from /usr/local/include/OGRE/OgreRenderQueueInvocation.h:33,
                 from /usr/local/include/OGRE/Ogre.h:86,
                 from conftest.c:62:
/usr/local/include/OGRE/OgreTechnique.h:38: error: expected '=', ',', ';', 'asm' or '__attribute__' before 'Ogre'
In file included from /usr/local/include/OGRE/OgreRenderQueueInvocation.h:33,
                 from /usr/local/include/OGRE/Ogre.h:86,
                 from conftest.c:62:
/usr/local/include/OGRE/OgreRenderQueueSortingGrouping.h:40: error: expected '=', ',', ';', 'asm' or '__attribute__' before 'Ogre'
In file included from /usr/local/include/OGRE/Ogre.h:86,
                 from conftest.c:62:
/usr/local/include/OGRE/OgreRenderQueueInvocation.h:36: error: expected '=', ',', ';', 'asm' or '__attribute__' before 'Ogre'
In file included from /usr/local/include/OGRE/Ogre.h:87,
                 from conftest.c:62:
/usr/local/include/OGRE/OgreRenderQueueListener.h:35: error: expected '=', ',', ';', 'asm' or '__attribute__' before 'Ogre'
In file included from /usr/local/include/OGRE/OgreRenderSystem.h:41,
                 from /usr/local/include/OGRE/Ogre.h:88,
                 from conftest.c:62:
/usr/local/include/OGRE/OgreRenderSystemCapabilities.h:36: error: expected '=', ',', ';', 'asm' or '__attribute__' before 'Ogre'
In file included from /usr/local/include/OGRE/OgreRenderTarget.h:35,
                 from /usr/local/include/OGRE/OgreRenderSystem.h:42,
                 from /usr/local/include/OGRE/Ogre.h:88,
                 from conftest.c:62:
/usr/local/include/OGRE/OgreTextureManager.h:40: error: expected '=', ',', ';', 'asm' or '__attribute__' before 'Ogre'
In file included from /usr/local/include/OGRE/OgreRenderTarget.h:36,
                 from /usr/local/include/OGRE/OgreRenderSystem.h:42,
                 from /usr/local/include/OGRE/Ogre.h:88,
                 from conftest.c:62:
/usr/local/include/OGRE/OgreViewport.h:36: error: expected '=', ',', ';', 'asm' or '__attribute__' before 'Ogre'
In file included from /usr/local/include/OGRE/OgreTimer.h:39,
                 from /usr/local/include/OGRE/OgreRenderTarget.h:37,
                 from /usr/local/include/OGRE/OgreRenderSystem.h:42,
                 from /usr/local/include/OGRE/Ogre.h:88,
                 from conftest.c:62:
/usr/local/include/OGRE/GLX/OgreTimerImp.h:33:31: error: OgrePrerequisites.h: No such file or directory
In file included from /usr/local/include/OGRE/OgreTimer.h:39,
                 from /usr/local/include/OGRE/OgreRenderTarget.h:37,
                 from /usr/local/include/OGRE/OgreRenderSystem.h:42,
                 from /usr/local/include/OGRE/Ogre.h:88,
                 from conftest.c:62:
/usr/local/include/OGRE/GLX/OgreTimerImp.h:35: error: expected '=', ',', ';', 'asm' or '__attribute__' before 'Ogre'
In file included from /usr/local/include/OGRE/OgreRenderSystem.h:42,
                 from /usr/local/include/OGRE/Ogre.h:88,
                 from conftest.c:62:
/usr/local/include/OGRE/OgreRenderTarget.h:46: error: expected '=', ',', ';', 'asm' or '__attribute__' before 'Ogre'
In file included from /usr/local/include/OGRE/OgreRenderSystem.h:43,
                 from /usr/local/include/OGRE/Ogre.h:88,
                 from conftest.c:62:
/usr/local/include/OGRE/OgreRenderTexture.h:36: error: expected '=', ',', ';', 'asm' or '__attribute__' before 'Ogre'
In file included from /usr/local/include/OGRE/OgreRenderSystem.h:45,
                 from /usr/local/include/OGRE/Ogre.h:88,
                 from conftest.c:62:
/usr/local/include/OGRE/OgreConfigOptionMap.h:39: error: expected '=', ',', ';', 'asm' or '__attribute__' before 'Ogre'
In file included from /usr/local/include/OGRE/Ogre.h:88,
                 from conftest.c:62:
/usr/local/include/OGRE/OgreRenderSystem.h:50: error: expected '=', ',', ';', 'asm' or '__attribute__' before 'Ogre'
In file included from /usr/local/include/OGRE/Ogre.h:89,
                 from conftest.c:62:
/usr/local/include/OGRE/OgreRenderTargetListener.h:35: error: expected '=', ',', ';', 'asm' or '__attribute__' before 'Ogre'
In file included from /usr/local/include/OGRE/Ogre.h:91,
                 from conftest.c:62:
/usr/local/include/OGRE/OgreRenderWindow.h:32: error: expected '=', ',', ';', 'asm' or '__attribute__' before 'Ogre'
In file included from /usr/local/include/OGRE/Ogre.h:92,
                 from conftest.c:62:
/usr/local/include/OGRE/OgreResourceBackgroundQueue.h:43: error: expected '=', ',', ';', 'asm' or '__attribute__' before 'Ogre'
In file included from /usr/local/include/OGRE/Ogre.h:94,
                 from conftest.c:62:
/usr/local/include/OGRE/OgreRibbonTrail.h:41: error: expected '=', ',', ';', 'asm' or '__attribute__' before 'Ogre'
In file included from /usr/local/include/OGRE/OgreSceneManager.h:41,
                 from /usr/local/include/OGRE/OgreSceneManagerEnumerator.h:34,
                 from /usr/local/include/OGRE/OgreRoot.h:37,
                 from /usr/local/include/OGRE/Ogre.h:95,
                 from conftest.c:62:
/usr/local/include/OGRE/OgreSceneQuery.h:39: error: expected '=', ',', ';', 'asm' or '__attribute__' before 'Ogre'
In file included from /usr/local/include/OGRE/OgreSceneManager.h:42,
                 from /usr/local/include/OGRE/OgreSceneManagerEnumerator.h:34,
                 from /usr/local/include/OGRE/OgreRoot.h:37,
                 from /usr/local/include/OGRE/Ogre.h:95,
                 from conftest.c:62:
/usr/local/include/OGRE/OgreAutoParamDataSource.h:39: error: expected '=', ',', ';', 'asm' or '__attribute__' before 'Ogre'
In file included from /usr/local/include/OGRE/OgreRectangle2D.h:34,
                 from /usr/local/include/OGRE/OgreSceneManager.h:46,
                 from /usr/local/include/OGRE/OgreSceneManagerEnumerator.h:34,
                 from /usr/local/include/OGRE/OgreRoot.h:37,
                 from /usr/local/include/OGRE/Ogre.h:95,
                 from conftest.c:62:
/usr/local/include/OGRE/OgreSimpleRenderable.h:39: error: expected '=', ',', ';', 'asm' or '__attribute__' before 'Ogre'
In file included from /usr/local/include/OGRE/OgreSceneManager.h:46,
                 from /usr/local/include/OGRE/OgreSceneManagerEnumerator.h:34,
                 from /usr/local/include/OGRE/OgreRoot.h:37,
                 from /usr/local/include/OGRE/Ogre.h:95,
                 from conftest.c:62:
/usr/local/include/OGRE/OgreRectangle2D.h:36: error: expected '=', ',', ';', 'asm' or '__attribute__' before 'Ogre'
In file included from /usr/local/include/OGRE/OgreSceneManager.h:51,
                 from /usr/local/include/OGRE/OgreSceneManagerEnumerator.h:34,
                 from /usr/local/include/OGRE/OgreRoot.h:37,
                 from /usr/local/include/OGRE/Ogre.h:95,
                 from conftest.c:62:
/usr/local/include/OGRE/OgreShadowTextureManager.h:40: error: expected '=', ',', ';', 'asm' or '__attribute__' before 'Ogre'
In file included from /usr/local/include/OGRE/OgreInstancedGeometry.h:36,
                 from /usr/local/include/OGRE/OgreSceneManager.h:53,
                 from /usr/local/include/OGRE/OgreSceneManagerEnumerator.h:34,
                 from /usr/local/include/OGRE/OgreRoot.h:37,
                 from /usr/local/include/OGRE/Ogre.h:95,
                 from conftest.c:62:
/usr/local/include/OGRE/OgreSkeletonInstance.h:36: error: expected '=', ',', ';', 'asm' or '__attribute__' before 'Ogre'
In file included from /usr/local/include/OGRE/OgreSceneManager.h:53,
                 from /usr/local/include/OGRE/OgreSceneManagerEnumerator.h:34,
                 from /usr/local/include/OGRE/OgreRoot.h:37,
                 from /usr/local/include/OGRE/Ogre.h:95,
                 from conftest.c:62:
/usr/local/include/OGRE/OgreInstancedGeometry.h:40: error: expected '=', ',', ';', 'asm' or '__attribute__' before 'Ogre'
In file included from /usr/local/include/OGRE/OgreSceneManagerEnumerator.h:34,
                 from /usr/local/include/OGRE/OgreRoot.h:37,
                 from /usr/local/include/OGRE/Ogre.h:95,
                 from conftest.c:62:
/usr/local/include/OGRE/OgreSceneManager.h:55: error: expected '=', ',', ';', 'asm' or '__attribute__' before 'Ogre'
In file included from /usr/local/include/OGRE/OgreRoot.h:37,
                 from /usr/local/include/OGRE/Ogre.h:95,
                 from conftest.c:62:
/usr/local/include/OGRE/OgreSceneManagerEnumerator.h:38: error: expected '=', ',', ';', 'asm' or '__attribute__' before 'Ogre'
In file included from /usr/local/include/OGRE/Ogre.h:95,
                 from conftest.c:62:
/usr/local/include/OGRE/OgreRoot.h:42: error: expected '=', ',', ';', 'asm' or '__attribute__' before 'Ogre'
In file included from /usr/local/include/OGRE/Ogre.h:102,
                 from conftest.c:62:
/usr/local/include/OGRE/OgreSkeletonManager.h:37: error: expected '=', ',', ';', 'asm' or '__attribute__' before 'Ogre'
In file included from /usr/local/include/OGRE/Ogre.h:103,
                 from conftest.c:62:
/usr/local/include/OGRE/OgreSkeletonSerializer.h:37: error: expected '=', ',', ';', 'asm' or '__attribute__' before 'Ogre'
In file included from /usr/local/include/OGRE/Ogre.h:104,
                 from conftest.c:62:
/usr/local/include/OGRE/OgreStaticGeometry.h:36: error: expected '=', ',', ';', 'asm' or '__attribute__' before 'Ogre'
In file included from /usr/local/include/OGRE/Ogre.h:106,
                 from conftest.c:62:
/usr/local/include/OGRE/OgreStringConverter.h:38: error: expected '=', ',', ';', 'asm' or '__attribute__' before 'Ogre'
In file included from /usr/local/include/OGRE/Ogre.h:108,
                 from conftest.c:62:
/usr/local/include/OGRE/OgreSubEntity.h:38: error: expected '=', ',', ';', 'asm' or '__attribute__' before 'Ogre'
In file included from /usr/local/include/OGRE/Ogre.h:109,
                 from conftest.c:62:
/usr/local/include/OGRE/OgreSubMesh.h:41: error: expected '=', ',', ';', 'asm' or '__attribute__' before 'Ogre'
In file included from /usr/local/include/OGRE/Ogre.h:116,
                 from conftest.c:62:
/usr/local/include/OGRE/OgreCompositor.h:36: error: expected '=', ',', ';', 'asm' or '__attribute__' before 'Ogre'
In file included from /usr/local/include/OGRE/OgreCompositorManager.h:36,
                 from /usr/local/include/OGRE/Ogre.h:117,
                 from conftest.c:62:
/usr/local/include/OGRE/OgreCompositorSerializer.h:35: error: expected '=', ',', ';', 'asm' or '__attribute__' before 'Ogre'
In file included from /usr/local/include/OGRE/Ogre.h:117,
                 from conftest.c:62:
/usr/local/include/OGRE/OgreCompositorManager.h:46: error: expected '=', ',', ';', 'asm' or '__attribute__' before 'Ogre'
In file included from /usr/local/include/OGRE/OgreCompositorChain.h:35,
                 from /usr/local/include/OGRE/Ogre.h:118,
                 from conftest.c:62:
/usr/local/include/OGRE/OgreCompositorInstance.h:36: error: expected '=', ',', ';', 'asm' or '__attribute__' before 'Ogre'
In file included from /usr/local/include/OGRE/Ogre.h:118,
                 from conftest.c:62:
/usr/local/include/OGRE/OgreCompositorChain.h:37: error: expected '=', ',', ';', 'asm' or '__attribute__' before 'Ogre'
In file included from /usr/local/include/OGRE/Ogre.h:120,
                 from conftest.c:62:
/usr/local/include/OGRE/OgreCompositionTechnique.h:36: error: expected '=', ',', ';', 'asm' or '__attribute__' before 'Ogre'
In file included from /usr/local/include/OGRE/Ogre.h:121,
                 from conftest.c:62:
/usr/local/include/OGRE/OgreCompositionPass.h:37: error: expected '=', ',', ';', 'asm' or '__attribute__' before 'Ogre'
In file included from /usr/local/include/OGRE/Ogre.h:122,
                 from conftest.c:62:
/usr/local/include/OGRE/OgreCompositionTargetPass.h:35: error: expected '=', ',', ';', 'asm' or '__attribute__' before 'Ogre'
In file included from /usr/local/include/OGRE/Ogre.h:123,
                 from conftest.c:62:
/usr/local/include/OGRE/OgreWindowEventUtilities.h:40: error: expected '=', ',', ';', 'asm' or '__attribute__' before 'Ogre'
In file included from /usr/local/include/OGRE/OgreShadowCameraSetupFocused.h:35,
                 from /usr/local/include/OGRE/Ogre.h:125,
                 from conftest.c:62:
/usr/local/include/OGRE/OgrePolygon.h:37: error: expected '=', ',', ';', 'asm' or '__attribute__' before 'Ogre'
In file included from /usr/local/include/OGRE/OgreShadowCameraSetupFocused.h:36,
                 from /usr/local/include/OGRE/Ogre.h:125,
                 from conftest.c:62:
/usr/local/include/OGRE/OgreConvexBody.h:37: error: expected '=', ',', ';', 'asm' or '__attribute__' before 'Ogre'
In file included from /usr/local/include/OGRE/Ogre.h:125,
                 from conftest.c:62:
/usr/local/include/OGRE/OgreShadowCameraSetupFocused.h:39: error: expected '=', ',', ';', 'asm' or '__attribute__' before 'Ogre'
In file included from /usr/local/include/OGRE/Ogre.h:126,
                 from conftest.c:62:
/usr/local/include/OGRE/OgreShadowCameraSetupLiSPSM.h:37: error: expected '=', ',', ';', 'asm' or '__attribute__' before 'Ogre'
In file included from /usr/local/include/OGRE/Ogre.h:127,
                 from conftest.c:62:
/usr/local/include/OGRE/OgreShadowCameraSetupPlaneOptimal.h:35: error: expected '=', ',', ';', 'asm' or '__attribute__' before 'Ogre'
configure:20369: $? = 1
configure: failed program was:
| /* confdefs.h.  */
| #define PACKAGE_NAME "evolve"
| #define PACKAGE_TARNAME "evolve"
| #define PACKAGE_VERSION "1.0"
| #define PACKAGE_STRING "evolve 1.0"
| #define PACKAGE_BUGREPORT "stu26code@gmail.com"
| #define PACKAGE "evolve"
| #define VERSION "1.0"
| #define STDC_HEADERS 1
| #define HAVE_SYS_TYPES_H 1
| #define HAVE_SYS_STAT_H 1
| #define HAVE_STDLIB_H 1
| #define HAVE_STRING_H 1
| #define HAVE_MEMORY_H 1
| #define HAVE_STRINGS_H 1
| #define HAVE_INTTYPES_H 1
| #define HAVE_STDINT_H 1
| #define HAVE_UNISTD_H 1
| #define HAVE_DLFCN_H 1
| #define STDC_HEADERS 1
| #define HAVE_ARPA_INET_H 1
| #define HAVE_NETINET_IN_H 1
| #define HAVE_STDLIB_H 1
| #define HAVE_STRING_H 1
| #define HAVE_SYS_SOCKET_H 1
| #define HAVE_SYS_TIME_H 1
| #define HAVE_UNISTD_H 1
| /* end confdefs.h.  */
| #include <stdio.h>
| #ifdef HAVE_SYS_TYPES_H
| # include <sys/types.h>
| #endif
| #ifdef HAVE_SYS_STAT_H
| # include <sys/stat.h>
| #endif
| #ifdef STDC_HEADERS
| # include <stdlib.h>
| # include <stddef.h>
| #else
| # ifdef HAVE_STDLIB_H
| #  include <stdlib.h>
| # endif
| #endif
| #ifdef HAVE_STRING_H
| # if !defined STDC_HEADERS && defined HAVE_MEMORY_H
| #  include <memory.h>
| # endif
| # include <string.h>
| #endif
| #ifdef HAVE_STRINGS_H
| # include <strings.h>
| #endif
| #ifdef HAVE_INTTYPES_H
| # include <inttypes.h>
| #endif
| #ifdef HAVE_STDINT_H
| # include <stdint.h>
| #endif
| #ifdef HAVE_UNISTD_H
| # include <unistd.h>
| #endif
| #include <OGRE/Ogre.h>
configure:20383: result: no
configure:20387: checking OGRE/Ogre.h presence
configure:20402: gcc -E  conftest.c
In file included from /usr/local/include/OGRE/OgreMemoryManager.h:46,
                 from /usr/local/include/OGRE/OgrePrerequisites.h:87,
                 from /usr/local/include/OGRE/Ogre.h:32,
                 from conftest.c:29:
/usr/local/include/OGRE/OgreStdHeaders.h:18:19: error: cassert: No such file or directory
/usr/local/include/OGRE/OgreStdHeaders.h:19:18: error: cstdio: No such file or directory
/usr/local/include/OGRE/OgreStdHeaders.h:20:19: error: cstdlib: No such file or directory
/usr/local/include/OGRE/OgreStdHeaders.h:21:17: error: ctime: No such file or directory
/usr/local/include/OGRE/OgreStdHeaders.h:22:19: error: cstring: No such file or directory
/usr/local/include/OGRE/OgreStdHeaders.h:23:19: error: cstdarg: No such file or directory
/usr/local/include/OGRE/OgreStdHeaders.h:24:17: error: cmath: No such file or directory
/usr/local/include/OGRE/OgreStdHeaders.h:27:18: error: vector: No such file or directory
/usr/local/include/OGRE/OgreStdHeaders.h:28:15: error: map: No such file or directory
/usr/local/include/OGRE/OgreStdHeaders.h:29:18: error: string: No such file or directory
/usr/local/include/OGRE/OgreStdHeaders.h:30:15: error: set: No such file or directory
/usr/local/include/OGRE/OgreStdHeaders.h:31:16: error: list: No such file or directory
/usr/local/include/OGRE/OgreStdHeaders.h:32:17: error: deque: No such file or directory
/usr/local/include/OGRE/OgreStdHeaders.h:33:17: error: queue: No such file or directory
/usr/local/include/OGRE/OgreStdHeaders.h:34:18: error: bitset: No such file or directory
/usr/local/include/OGRE/OgreStdHeaders.h:38:27: error: ext/hash_map: No such file or directory
/usr/local/include/OGRE/OgreStdHeaders.h:39:27: error: ext/hash_set: No such file or directory
/usr/local/include/OGRE/OgreStdHeaders.h:46:21: error: algorithm: No such file or directory
/usr/local/include/OGRE/OgreStdHeaders.h:47:22: error: functional: No such file or directory
/usr/local/include/OGRE/OgreStdHeaders.h:48:18: error: limits: No such file or directory
/usr/local/include/OGRE/OgreStdHeaders.h:51:19: error: fstream: No such file or directory
/usr/local/include/OGRE/OgreStdHeaders.h:52:20: error: iostream: No such file or directory
/usr/local/include/OGRE/OgreStdHeaders.h:53:19: error: iomanip: No such file or directory
/usr/local/include/OGRE/OgreStdHeaders.h:54:19: error: sstream: No such file or directory
In file included from /usr/local/include/OGRE/OgreAnimable.h:40,
                 from /usr/local/include/OGRE/OgreAnimation.h:36,
                 from /usr/local/include/OGRE/Ogre.h:34,
                 from conftest.c:29:
/usr/local/include/OGRE/OgreException.h:35:21: error: exception: No such file or directory
In file included from /usr/local/include/OGRE/OgreAnimable.h:41,
                 from /usr/local/include/OGRE/OgreAnimation.h:36,
                 from /usr/local/include/OGRE/Ogre.h:34,
                 from conftest.c:29:
/usr/local/include/OGRE/OgreAny.h:44:20: error: typeinfo: No such file or directory
In file included from /usr/local/include/OGRE/OgreArchive.h:34,
                 from /usr/local/include/OGRE/Ogre.h:38,
                 from conftest.c:29:
/usr/local/include/OGRE/OgreDataStream.h:35:19: error: istream: No such file or directory
In file included from /usr/local/include/OGRE/OgreStringInterface.h:35,
                 from /usr/local/include/OGRE/OgreResource.h:35,
                 from /usr/local/include/OGRE/OgreResourceManager.h:34,
                 from /usr/local/include/OGRE/OgreArchiveManager.h:34,
                 from /usr/local/include/OGRE/Ogre.h:39,
                 from conftest.c:29:
/usr/local/include/OGRE/OgreCommon.h:39:19: error: utility: No such file or directory
In file included from /usr/local/include/OGRE/OgreOverlayElement.h:36,
                 from /usr/local/include/OGRE/OgreOverlayContainer.h:34,
                 from /usr/local/include/OGRE/Ogre.h:75,
                 from conftest.c:29:
/usr/local/include/OGRE/OgreUTFString.h:36:20: error: iterator: No such file or directory
/usr/local/include/OGRE/OgreUTFString.h:38:21: error: stdexcept: No such file or directory
In file included from /usr/local/include/OGRE/OgreTimer.h:39,
                 from /usr/local/include/OGRE/OgreRenderTarget.h:37,
                 from /usr/local/include/OGRE/OgreRenderSystem.h:42,
                 from /usr/local/include/OGRE/Ogre.h:88,
                 from conftest.c:29:
/usr/local/include/OGRE/GLX/OgreTimerImp.h:33:31: error: OgrePrerequisites.h: No such file or directory
configure:20408: $? = 1
configure: failed program was:
| /* confdefs.h.  */
| #define PACKAGE_NAME "evolve"
| #define PACKAGE_TARNAME "evolve"
| #define PACKAGE_VERSION "1.0"
| #define PACKAGE_STRING "evolve 1.0"
| #define PACKAGE_BUGREPORT "stu26code@gmail.com"
| #define PACKAGE "evolve"
| #define VERSION "1.0"
| #define STDC_HEADERS 1
| #define HAVE_SYS_TYPES_H 1
| #define HAVE_SYS_STAT_H 1
| #define HAVE_STDLIB_H 1
| #define HAVE_STRING_H 1
| #define HAVE_MEMORY_H 1
| #define HAVE_STRINGS_H 1
| #define HAVE_INTTYPES_H 1
| #define HAVE_STDINT_H 1
| #define HAVE_UNISTD_H 1
| #define HAVE_DLFCN_H 1
| #define STDC_HEADERS 1
| #define HAVE_ARPA_INET_H 1
| #define HAVE_NETINET_IN_H 1
| #define HAVE_STDLIB_H 1
| #define HAVE_STRING_H 1
| #define HAVE_SYS_SOCKET_H 1
| #define HAVE_SYS_TIME_H 1
| #define HAVE_UNISTD_H 1
| /* end confdefs.h.  */
| #include <OGRE/Ogre.h>
configure:20422: result: no
configure:20455: checking for OGRE/Ogre.h
configure:20463: result: no
configure:20478: checking for stdbool.h that conforms to C99
configure:20571: gcc -c -g -O2  conftest.c >&5
configure:20577: $? = 0
configure:20592: result: yes
configure:20594: checking for _Bool
configure:20624: gcc -c -g -O2  conftest.c >&5
configure:20630: $? = 0
configure:20645: result: yes
configure:20664: checking for an ANSI C-conforming const
configure:20739: gcc -c -g -O2  conftest.c >&5
configure:20745: $? = 0
configure:20760: result: yes
configure:20770: checking for inline
configure:20796: gcc -c -g -O2  conftest.c >&5
configure:20802: $? = 0
configure:20820: result: inline
configure:20839: checking whether time.h and sys/time.h may both be included
configure:20869: gcc -c -g -O2  conftest.c >&5
configure:20875: $? = 0
configure:20890: result: yes
configure:20902: checking for pid_t
configure:20932: gcc -c -g -O2  conftest.c >&5
configure:20938: $? = 0
configure:20953: result: yes
configure:20980: checking vfork.h usability
configure:20997: gcc -c -g -O2  conftest.c >&5
conftest.c:65:19: error: vfork.h: No such file or directory
configure:21003: $? = 1
configure: failed program was:
| /* confdefs.h.  */
| #define PACKAGE_NAME "evolve"
| #define PACKAGE_TARNAME "evolve"
| #define PACKAGE_VERSION "1.0"
| #define PACKAGE_STRING "evolve 1.0"
| #define PACKAGE_BUGREPORT "stu26code@gmail.com"
| #define PACKAGE "evolve"
| #define VERSION "1.0"
| #define STDC_HEADERS 1
| #define HAVE_SYS_TYPES_H 1
| #define HAVE_SYS_STAT_H 1
| #define HAVE_STDLIB_H 1
| #define HAVE_STRING_H 1
| #define HAVE_MEMORY_H 1
| #define HAVE_STRINGS_H 1
| #define HAVE_INTTYPES_H 1
| #define HAVE_STDINT_H 1
| #define HAVE_UNISTD_H 1
| #define HAVE_DLFCN_H 1
| #define STDC_HEADERS 1
| #define HAVE_ARPA_INET_H 1
| #define HAVE_NETINET_IN_H 1
| #define HAVE_STDLIB_H 1
| #define HAVE_STRING_H 1
| #define HAVE_SYS_SOCKET_H 1
| #define HAVE_SYS_TIME_H 1
| #define HAVE_UNISTD_H 1
| #define HAVE__BOOL 1
| #define HAVE_STDBOOL_H 1
| #define TIME_WITH_SYS_TIME 1
| /* end confdefs.h.  */
| #include <stdio.h>
| #ifdef HAVE_SYS_TYPES_H
| # include <sys/types.h>
| #endif
| #ifdef HAVE_SYS_STAT_H
| # include <sys/stat.h>
| #endif
| #ifdef STDC_HEADERS
| # include <stdlib.h>
| # include <stddef.h>
| #else
| # ifdef HAVE_STDLIB_H
| #  include <stdlib.h>
| # endif
| #endif
| #ifdef HAVE_STRING_H
| # if !defined STDC_HEADERS && defined HAVE_MEMORY_H
| #  include <memory.h>
| # endif
| # include <string.h>
| #endif
| #ifdef HAVE_STRINGS_H
| # include <strings.h>
| #endif
| #ifdef HAVE_INTTYPES_H
| # include <inttypes.h>
| #endif
| #ifdef HAVE_STDINT_H
| # include <stdint.h>
| #endif
| #ifdef HAVE_UNISTD_H
| # include <unistd.h>
| #endif
| #include <vfork.h>
configure:21017: result: no
configure:21021: checking vfork.h presence
configure:21036: gcc -E  conftest.c
conftest.c:32:19: error: vfork.h: No such file or directory
configure:21042: $? = 1
configure: failed program was:
| /* confdefs.h.  */
| #define PACKAGE_NAME "evolve"
| #define PACKAGE_TARNAME "evolve"
| #define PACKAGE_VERSION "1.0"
| #define PACKAGE_STRING "evolve 1.0"
| #define PACKAGE_BUGREPORT "stu26code@gmail.com"
| #define PACKAGE "evolve"
| #define VERSION "1.0"
| #define STDC_HEADERS 1
| #define HAVE_SYS_TYPES_H 1
| #define HAVE_SYS_STAT_H 1
| #define HAVE_STDLIB_H 1
| #define HAVE_STRING_H 1
| #define HAVE_MEMORY_H 1
| #define HAVE_STRINGS_H 1
| #define HAVE_INTTYPES_H 1
| #define HAVE_STDINT_H 1
| #define HAVE_UNISTD_H 1
| #define HAVE_DLFCN_H 1
| #define STDC_HEADERS 1
| #define HAVE_ARPA_INET_H 1
| #define HAVE_NETINET_IN_H 1
| #define HAVE_STDLIB_H 1
| #define HAVE_STRING_H 1
| #define HAVE_SYS_SOCKET_H 1
| #define HAVE_SYS_TIME_H 1
| #define HAVE_UNISTD_H 1
| #define HAVE__BOOL 1
| #define HAVE_STDBOOL_H 1
| #define TIME_WITH_SYS_TIME 1
| /* end confdefs.h.  */
| #include <vfork.h>
configure:21056: result: no
configure:21089: checking for vfork.h
configure:21097: result: no
configure:21115: checking for fork
configure:21171: gcc -o conftest -g -O2   conftest.c  >&5
conftest.c:55: warning: conflicting types for built-in function 'fork'
configure:21177: $? = 0
configure:21195: result: yes
configure:21115: checking for vfork
configure:21171: gcc -o conftest -g -O2   conftest.c  >&5
configure:21177: $? = 0
configure:21195: result: yes
configure:21206: checking for working fork
configure:21238: gcc -o conftest -g -O2   conftest.c  >&5
configure:21241: $? = 0
configure:21247: ./conftest
configure:21250: $? = 0
configure:21266: result: yes
configure:21287: checking for working vfork
configure:21425: result: yes
configure:21461: checking for stdlib.h
configure:21467: result: yes
configure:21601: checking for GNU libc compatible malloc
configure:21635: gcc -o conftest -g -O2   conftest.c  >&5
configure:21638: $? = 0
configure:21644: ./conftest
configure:21647: $? = 0
configure:21663: result: yes
configure:21691: checking return type of signal handlers
configure:21719: gcc -c -g -O2  conftest.c >&5
conftest.c: In function 'main':
conftest.c:44: error: void value not ignored as it ought to be
configure:21725: $? = 1
configure: failed program was:
| /* confdefs.h.  */
| #define PACKAGE_NAME "evolve"
| #define PACKAGE_TARNAME "evolve"
| #define PACKAGE_VERSION "1.0"
| #define PACKAGE_STRING "evolve 1.0"
| #define PACKAGE_BUGREPORT "stu26code@gmail.com"
| #define PACKAGE "evolve"
| #define VERSION "1.0"
| #define STDC_HEADERS 1
| #define HAVE_SYS_TYPES_H 1
| #define HAVE_SYS_STAT_H 1
| #define HAVE_STDLIB_H 1
| #define HAVE_STRING_H 1
| #define HAVE_MEMORY_H 1
| #define HAVE_STRINGS_H 1
| #define HAVE_INTTYPES_H 1
| #define HAVE_STDINT_H 1
| #define HAVE_UNISTD_H 1
| #define HAVE_DLFCN_H 1
| #define STDC_HEADERS 1
| #define HAVE_ARPA_INET_H 1
| #define HAVE_NETINET_IN_H 1
| #define HAVE_STDLIB_H 1
| #define HAVE_STRING_H 1
| #define HAVE_SYS_SOCKET_H 1
| #define HAVE_SYS_TIME_H 1
| #define HAVE_UNISTD_H 1
| #define HAVE__BOOL 1
| #define HAVE_STDBOOL_H 1
| #define TIME_WITH_SYS_TIME 1
| #define HAVE_FORK 1
| #define HAVE_VFORK 1
| #define HAVE_WORKING_VFORK 1
| #define HAVE_WORKING_FORK 1
| #define HAVE_STDLIB_H 1
| #define HAVE_MALLOC 1
| /* end confdefs.h.  */
| #include <sys/types.h>
| #include <signal.h>
| 
| int
| main ()
| {
| return *(signal (0, 0)) (0) == 1;
|   ;
|   return 0;
| }
configure:21740: result: void
configure:21756: checking for gettimeofday
configure:21812: gcc -o conftest -g -O2   conftest.c  >&5
configure:21818: $? = 0
configure:21836: result: yes
configure:21756: checking for memset
configure:21812: gcc -o conftest -g -O2   conftest.c  >&5
conftest.c:63: warning: conflicting types for built-in function 'memset'
configure:21818: $? = 0
configure:21836: result: yes
configure:21756: checking for socket
configure:21812: gcc -o conftest -g -O2   conftest.c  >&5
configure:21818: $? = 0
configure:21836: result: yes
configure:21756: checking for sqrt
configure:21812: gcc -o conftest -g -O2   conftest.c  >&5
conftest.c:65: warning: conflicting types for built-in function 'sqrt'
/tmp/ccoxddqm.o: In function `main':
/home/stu/evolve/conftest.c:76: undefined reference to `sqrt'
collect2: ld returned 1 exit status
configure:21818: $? = 1
configure: failed program was:
| /* confdefs.h.  */
| #define PACKAGE_NAME "evolve"
| #define PACKAGE_TARNAME "evolve"
| #define PACKAGE_VERSION "1.0"
| #define PACKAGE_STRING "evolve 1.0"
| #define PACKAGE_BUGREPORT "stu26code@gmail.com"
| #define PACKAGE "evolve"
| #define VERSION "1.0"
| #define STDC_HEADERS 1
| #define HAVE_SYS_TYPES_H 1
| #define HAVE_SYS_STAT_H 1
| #define HAVE_STDLIB_H 1
| #define HAVE_STRING_H 1
| #define HAVE_MEMORY_H 1
| #define HAVE_STRINGS_H 1
| #define HAVE_INTTYPES_H 1
| #define HAVE_STDINT_H 1
| #define HAVE_UNISTD_H 1
| #define HAVE_DLFCN_H 1
| #define STDC_HEADERS 1
| #define HAVE_ARPA_INET_H 1
| #define HAVE_NETINET_IN_H 1
| #define HAVE_STDLIB_H 1
| #define HAVE_STRING_H 1
| #define HAVE_SYS_SOCKET_H 1
| #define HAVE_SYS_TIME_H 1
| #define HAVE_UNISTD_H 1
| #define HAVE__BOOL 1
| #define HAVE_STDBOOL_H 1
| #define TIME_WITH_SYS_TIME 1
| #define HAVE_FORK 1
| #define HAVE_VFORK 1
| #define HAVE_WORKING_VFORK 1
| #define HAVE_WORKING_FORK 1
| #define HAVE_STDLIB_H 1
| #define HAVE_MALLOC 1
| #define RETSIGTYPE void
| #define HAVE_GETTIMEOFDAY 1
| #define HAVE_MEMSET 1
| #define HAVE_SOCKET 1
| /* end confdefs.h.  */
| /* Define sqrt to an innocuous variant, in case <limits.h> declares sqrt.
|    For example, HP-UX 11i <limits.h> declares gettimeofday.  */
| #define sqrt innocuous_sqrt
| 
| /* System header to define __stub macros and hopefully few prototypes,
|     which can conflict with char sqrt (); below.
|     Prefer <limits.h> to <assert.h> if __STDC__ is defined, since
|     <limits.h> exists even on freestanding compilers.  */
| 
| #ifdef __STDC__
| # include <limits.h>
| #else
| # include <assert.h>
| #endif
| 
| #undef sqrt
| 
| /* Override any GCC internal prototype to avoid an error.
|    Use char because int might match the return type of a GCC
|    builtin and then its argument prototype would still apply.  */
| #ifdef __cplusplus
| extern "C"
| #endif
| char sqrt ();
| /* The GNU C library defines this for functions which it implements
|     to always fail with ENOSYS.  Some functions are actually named
|     something starting with __ and the normal name is an alias.  */
| #if defined __stub_sqrt || defined __stub___sqrt
| choke me
| #endif
| 
| int
| main ()
| {
| return sqrt ();
|   ;
|   return 0;
| }
configure:21836: result: no
configure:21756: checking for strerror
configure:21812: gcc -o conftest -g -O2   conftest.c  >&5
configure:21818: $? = 0
configure:21836: result: yes
configure:21998: creating ./config.status

## ---------------------- ##
## Running config.status. ##
## ---------------------- ##

This file was extended by evolve config.status 1.0, which was
generated by GNU Autoconf 2.61.  Invocation command line was

  CONFIG_FILES    = 
  CONFIG_HEADERS  = 
  CONFIG_LINKS    = 
  CONFIG_COMMANDS = 
  $ ./config.status 

on localhost

config.status:716: creating Makefile
config.status:716: creating src/Makefile
config.status:716: creating src/utilityFiles/logger/Makefile
config.status:716: creating src/commonAspect/Makefile
config.status:716: creating src/utilityFiles/timer/Makefile
config.status:716: creating src/utilityFiles/matrix/Makefile
config.status:716: creating src/utilityFiles/readWriteLock/Makefile
config.status:716: creating src/utilityFiles/mutex/Makefile
config.status:716: creating src/system/lSystem/Makefile
config.status:716: creating src/utilityFiles/commands/Makefile
config.status:716: creating src/utilityFiles/socketMethods/Makefile
config.status:716: creating src/server/commandHandler/Makefile
config.status:716: creating src/server/systemCommandHandler/Makefile
config.status:716: creating src/interpreter/lSystemInterpreter/Makefile
config.status:716: creating src/server/interpreterCommandHandler/Makefile
config.status:716: creating src/server/Makefile
config.status:716: creating src/physicsEngine/Makefile
config.status:716: creating src/worldObject/Makefile
config.status:716: creating src/worldObject/staticSphereObject/Makefile
config.status:716: creating src/worldObject/staticWorldObject/Makefile
config.status:716: creating src/worldObject/lSystemWorldObject/Makefile
config.status:716: creating src/ogreRenderer/ogreGDKCodec/Makefile
config.status:716: creating src/ogreRenderer/Makefile
config.status:901: executing depfiles commands

## ---------------- ##
## Cache variables. ##
## ---------------- ##

ac_cv_build=x86_64-unknown-linux-gnu
ac_cv_c_compiler_gnu=yes
ac_cv_c_const=yes
ac_cv_c_inline=inline
ac_cv_cxx_compiler_gnu=yes
ac_cv_env_CCC_set=
ac_cv_env_CCC_value=
ac_cv_env_CC_set=
ac_cv_env_CC_value=
ac_cv_env_CFLAGS_set=
ac_cv_env_CFLAGS_value=
ac_cv_env_CPPFLAGS_set=
ac_cv_env_CPPFLAGS_value=
ac_cv_env_CPP_set=
ac_cv_env_CPP_value=
ac_cv_env_CXXCPP_set=
ac_cv_env_CXXCPP_value=
ac_cv_env_CXXFLAGS_set=
ac_cv_env_CXXFLAGS_value=
ac_cv_env_CXX_set=
ac_cv_env_CXX_value=
ac_cv_env_F77_set=
ac_cv_env_F77_value=
ac_cv_env_FFLAGS_set=
ac_cv_env_FFLAGS_value=
ac_cv_env_LDFLAGS_set=
ac_cv_env_LDFLAGS_value=
ac_cv_env_LIBS_set=
ac_cv_env_LIBS_value=
ac_cv_env_XMKMF_set=
ac_cv_env_XMKMF_value=
ac_cv_env_build_alias_set=
ac_cv_env_build_alias_value=
ac_cv_env_host_alias_set=
ac_cv_env_host_alias_value=
ac_cv_env_target_alias_set=
ac_cv_env_target_alias_value=
ac_cv_f77_compiler_gnu=no
ac_cv_func_fork=yes
ac_cv_func_fork_works=yes
ac_cv_func_gettimeofday=yes
ac_cv_func_malloc_0_nonnull=yes
ac_cv_func_memset=yes
ac_cv_func_socket=yes
ac_cv_func_sqrt=no
ac_cv_func_strerror=yes
ac_cv_func_vfork=yes
ac_cv_func_vfork_works=yes
ac_cv_have_x='have_x=yes	ac_x_includes='\'''\''	ac_x_libraries='\'''\'''
ac_cv_header_OGRE_Ogre_h=no
ac_cv_header_arpa_inet_h=yes
ac_cv_header_dlfcn_h=yes
ac_cv_header_inttypes_h=yes
ac_cv_header_memory_h=yes
ac_cv_header_netinet_in_h=yes
ac_cv_header_stdbool_h=yes
ac_cv_header_stdc=yes
ac_cv_header_stdint_h=yes
ac_cv_header_stdlib_h=yes
ac_cv_header_string_h=yes
ac_cv_header_strings_h=yes
ac_cv_header_sys_socket_h=yes
ac_cv_header_sys_stat_h=yes
ac_cv_header_sys_time_h=yes
ac_cv_header_sys_types_h=yes
ac_cv_header_time=yes
ac_cv_header_unistd_h=yes
ac_cv_header_vfork_h=no
ac_cv_host=x86_64-unknown-linux-gnu
ac_cv_objext=o
ac_cv_path_EGREP='/bin/grep -E'
ac_cv_path_GREP=/bin/grep
ac_cv_path_install='/usr/bin/install -c'
ac_cv_prog_AWK=gawk
ac_cv_prog_CPP='gcc -E'
ac_cv_prog_CXXCPP='g++ -E'
ac_cv_prog_ac_ct_AR=ar
ac_cv_prog_ac_ct_CC=gcc
ac_cv_prog_ac_ct_CXX=g++
ac_cv_prog_ac_ct_RANLIB=ranlib
ac_cv_prog_ac_ct_STRIP=strip
ac_cv_prog_cc_c89=
ac_cv_prog_cc_g=yes
ac_cv_prog_cxx_g=yes
ac_cv_prog_f77_g=no
ac_cv_prog_make_make_set=yes
ac_cv_type__Bool=yes
ac_cv_type_pid_t=yes
ac_cv_type_signal=void
am_cv_CC_dependencies_compiler_type=gcc3
am_cv_CXX_dependencies_compiler_type=gcc3
lt_cv_deplibs_check_method=pass_all
lt_cv_file_magic_cmd='$MAGIC_CMD'
lt_cv_file_magic_test_file=
lt_cv_ld_reload_flag=-r
lt_cv_objdir=.libs
lt_cv_path_LD=/usr/bin/ld
lt_cv_path_LDCXX='/usr/bin/ld -m elf_x86_64'
lt_cv_path_NM='/usr/bin/nm -B'
lt_cv_path_SED=/bin/sed
lt_cv_prog_compiler_c_o=yes
lt_cv_prog_compiler_c_o_CXX=yes
lt_cv_prog_compiler_pic_works=yes
lt_cv_prog_compiler_pic_works_CXX=yes
lt_cv_prog_compiler_rtti_exceptions=no
lt_cv_prog_compiler_static_works=yes
lt_cv_prog_compiler_static_works_CXX=yes
lt_cv_prog_gnu_ld=yes
lt_cv_prog_gnu_ldcxx=yes
lt_cv_sys_global_symbol_pipe='sed -n -e '\''s/^.*[ 	]\([ABCDGIRSTW][ABCDGIRSTW]*\)[ 	][ 	]*\([_A-Za-z][_A-Za-z0-9]*\)$/\1 \2 \2/p'\'''
lt_cv_sys_global_symbol_to_c_name_address='sed -n -e '\''s/^: \([^ ]*\) $/  {\"\1\", (lt_ptr) 0},/p'\'' -e '\''s/^[BCDEGRST] \([^ ]*\) \([^ ]*\)$/  {"\2", (lt_ptr) \&\2},/p'\'''
lt_cv_sys_global_symbol_to_cdecl='sed -n -e '\''s/^. .* \(.*\)$/extern int \1;/p'\'''
lt_cv_sys_lib_dlsearch_path_spec='/lib /usr/lib /usr/local/lib /lib/x86_64-linux-gnu /usr/lib/x86_64-linux-gnu '
lt_cv_sys_lib_search_path_spec='/usr/lib/gcc/x86_64-linux-gnu/4.2.3 /usr/lib /lib'
lt_cv_sys_max_cmd_len=98304
lt_lt_cv_prog_compiler_c_o='"yes"'
lt_lt_cv_prog_compiler_c_o_CXX='"yes"'
lt_lt_cv_sys_global_symbol_pipe='"sed -n -e '\''s/^.*[ 	]\\([ABCDGIRSTW][ABCDGIRSTW]*\\)[ 	][ 	]*\\([_A-Za-z][_A-Za-z0-9]*\\)\$/\\1 \\2 \\2/p'\''"'
lt_lt_cv_sys_global_symbol_to_c_name_address='"sed -n -e '\''s/^: \\([^ ]*\\) \$/  {\\\"\\1\\\", (lt_ptr) 0},/p'\'' -e '\''s/^[BCDEGRST] \\([^ ]*\\) \\([^ ]*\\)\$/  {\"\\2\", (lt_ptr) \\&\\2},/p'\''"'
lt_lt_cv_sys_global_symbol_to_cdecl='"sed -n -e '\''s/^. .* \\(.*\\)\$/extern int \\1;/p'\''"'

## ----------------- ##
## Output variables. ##
## ----------------- ##

ACLOCAL='${SHELL} /home/stu/evolve/missing --run aclocal-1.9'
AMDEPBACKSLASH='\'
AMDEP_FALSE='#'
AMDEP_TRUE=''
AMTAR='${SHELL} /home/stu/evolve/missing --run tar'
AR='ar'
AUTOCONF='${SHELL} /home/stu/evolve/missing --run autoconf'
AUTOHEADER='${SHELL} /home/stu/evolve/missing --run autoheader'
AUTOMAKE='${SHELL} /home/stu/evolve/missing --run automake-1.9'
AWK='gawk'
CC='gcc'
CCDEPMODE='depmode=gcc3'
CFLAGS='-g -O2'
CPP='gcc -E'
CPPFLAGS=''
CXX='g++'
CXXCPP='g++ -E'
CXXDEPMODE='depmode=gcc3'
CXXFLAGS='-g -O2'
CYGPATH_W='echo'
DEFS='-DPACKAGE_NAME=\"evolve\" -DPACKAGE_TARNAME=\"evolve\" -DPACKAGE_VERSION=\"1.0\" -DPACKAGE_STRING=\"evolve\ 1.0\" -DPACKAGE_BUGREPORT=\"stu26code@gmail.com\" -DPACKAGE=\"evolve\" -DVERSION=\"1.0\" -DSTDC_HEADERS=1 -DHAVE_SYS_TYPES_H=1 -DHAVE_SYS_STAT_H=1 -DHAVE_STDLIB_H=1 -DHAVE_STRING_H=1 -DHAVE_MEMORY_H=1 -DHAVE_STRINGS_H=1 -DHAVE_INTTYPES_H=1 -DHAVE_STDINT_H=1 -DHAVE_UNISTD_H=1 -DHAVE_DLFCN_H=1 -DSTDC_HEADERS=1 -DHAVE_ARPA_INET_H=1 -DHAVE_NETINET_IN_H=1 -DHAVE_STDLIB_H=1 -DHAVE_STRING_H=1 -DHAVE_SYS_SOCKET_H=1 -DHAVE_SYS_TIME_H=1 -DHAVE_UNISTD_H=1 -DHAVE__BOOL=1 -DHAVE_STDBOOL_H=1 -DTIME_WITH_SYS_TIME=1 -DHAVE_FORK=1 -DHAVE_VFORK=1 -DHAVE_WORKING_VFORK=1 -DHAVE_WORKING_FORK=1 -DHAVE_STDLIB_H=1 -DHAVE_MALLOC=1 -DRETSIGTYPE=void -DHAVE_GETTIMEOFDAY=1 -DHAVE_MEMSET=1 -DHAVE_SOCKET=1 -DHAVE_STRERROR=1'
DEPDIR='.deps'
DSYMUTIL=''
ECHO='echo'
ECHO_C=''
ECHO_N='-n'
ECHO_T=''
EGREP='/bin/grep -E'
EXEEXT=''
F77=''
FFLAGS=''
GREP='/bin/grep'
INSTALL_DATA='${INSTALL} -m 644'
INSTALL_PROGRAM='${INSTALL}'
INSTALL_SCRIPT='${INSTALL}'
INSTALL_STRIP_PROGRAM='${SHELL} $(install_sh) -c -s'
LDFLAGS=''
LIBOBJS=''
LIBS=''
LIBTOOL='$(SHELL) $(top_builddir)/libtool'
LN_S='ln -s'
LTLIBOBJS=''
MAKEINFO='${SHELL} /home/stu/evolve/missing --run makeinfo'
NMEDIT=''
OBJEXT='o'
PACKAGE='evolve'
PACKAGE_BUGREPORT='stu26code@gmail.com'
PACKAGE_NAME='evolve'
PACKAGE_STRING='evolve 1.0'
PACKAGE_TARNAME='evolve'
PACKAGE_VERSION='1.0'
PATH_SEPARATOR=':'
RANLIB='ranlib'
SED='/bin/sed'
SET_MAKE=''
SHELL='/bin/bash'
STRIP='strip'
VERSION='1.0'
XMKMF=''
ac_ct_CC='gcc'
ac_ct_CXX='g++'
ac_ct_F77=''
am__fastdepCC_FALSE='#'
am__fastdepCC_TRUE=''
am__fastdepCXX_FALSE='#'
am__fastdepCXX_TRUE=''
am__include='include'
am__leading_dot='.'
am__quote=''
am__tar='${AMTAR} chof - "$$tardir"'
am__untar='${AMTAR} xf -'
bindir='${exec_prefix}/bin'
build='x86_64-unknown-linux-gnu'
build_alias=''
build_cpu='x86_64'
build_os='linux-gnu'
build_vendor='unknown'
command_handler_incs='-I$(top_srcdir)/src/server/commandHandler/'
command_handler_obj='$(top_srcdir)/src/server/commandHandler/CommandHandler.o'
commands='/src/utilityFiles/commands/Commands.o'
commands_inc='/src/utilityFiles/commands/'
common_aspect_incs='-I$(top_srcdir)/src/commonAspect'
common_aspect_obj='$(top_srcdir)/src/commonAspect/CommonAspect.o'
datadir='${datarootdir}'
datarootdir='${prefix}/share'
docdir='${datarootdir}/doc/${PACKAGE_TARNAME}'
dvidir='${docdir}'
exec_prefix='${prefix}'
host='x86_64-unknown-linux-gnu'
host_alias=''
host_cpu='x86_64'
host_os='linux-gnu'
host_vendor='unknown'
htmldir='${docdir}'
includedir='${prefix}/include'
infodir='${datarootdir}/info'
install_sh='/home/stu/evolve/install-sh'
interpreter_command_handler_incs='-I$(top_srcdir)/src/server/intepreterCommandHandler/'
interpreter_command_handler_obj='$(top_srcdir)/src/server/interpreterCommandHandler/InterpreterCommandHandler.o'
interpreter_incs='-I$(top_srcdir)/src/interpreter'
libdir='${exec_prefix}/lib'
libexecdir='${exec_prefix}/libexec'
localedir='${datarootdir}/locale'
localstatedir='${prefix}/var'
logger='/src/utilityFiles/logger/Logger.o'
logger_inc='/src/utilityFiles/logger/'
logger_obj='$(top_srcdir)/src/utilityFiles/logger/Logger.o'
lsystem_generic_interpreter_obj='$(top_srcdir)/src/interpreter/lSystemInterpreter/LSystemGenericInterpreter.o'
lsystem_generic_obj='$(top_srcdir)/src/system/lSystem/LSystemGeneric.o'
lsystem_incremental_interpreter_obj='$(top_srcdir)/src/interpreter/lSystemInterpreter/LSystemIncrementalInterpreter.o'
lsystem_incs='-I$(top_srcdir)/src/system/ -I$(top_srcdir)/src/system/lSystem'
lsystem_interpreter_incs='-I$(top_srcdir)/src/interpreter -I$(top_srcdir)/src/interpreter/lSystemInterpreter/'
lsystem_world_object_incs='-I$(top_srcdir)/src/worldObject/lSystemWorldObject'
lsystem_world_object_obj='$(top_srcdir)/src/worldObject/lSystemWorldObject/LSystemWorldObject.o'
mandir='${datarootdir}/man'
matrix_inc='-I$(top_srcdir)/src/utilityFiles/matrix/'
mkdir_p='mkdir -p --'
mutex='/src/utilityFiles/mutex/Mutex.o'
mutex_inc='/src/utilityFiles/mutex/'
ode_flags='-lode'
ogre_flags='-L/usr/local/lib/OGRE/ -lOgreMain'
ogre_gdk_codec_incs='-I$(top_srcdir)/src/ogreRenderer/ogreGDKCodec/'
ogre_gdk_codec_obj='$(top_srcdir)/src/ogreRenderer/ogreGDKCodec/OgreGDKCodec.o'
ogre_inc='/src/ogrenew/OgreMain/include'
ois_flags='-lOIS'
oldincludedir='/usr/include'
pdfdir='${docdir}'
physics_engine_incs='-I$(top_srcdir)/src/physicsEngine/'
physics_engine_obj='$(top_srcdir)/src/physicsEngine/PhysicsEngine.o'
prefix='/usr/local'
program_transform_name='s,x,x,'
psdir='${docdir}'
read_write_lock='$(top_srcdir)/src/utilityFiles/readWriteLock/ReadWriteLock.o'
read_write_lock_inc='-I$(top_srcdir)/src/utilityFiles/readWriteLock/'
sbindir='${exec_prefix}/sbin'
sharedstatedir='${prefix}/com'
socket_methods='/src/utilityFiles/socketMethods/SocketMethods.o'
socket_methods_inc='/src/utilityFiles/socketMethods/'
standard_flags='-Wall -g -fPIC'
standard_incs='-I$(top_srcdir)/src/utilityFiles/logger/ -I$(top_srcdir)/src/commonAspect/ -I$(top_srcdir)/src/utilityFiles/timer/ -I$(top_srcdir)/src/utilityFiles/commands/ -I$(top_srcdir)/src/utilityFiles/ -I/usr/local/include/OGRE/ -I/usr/local/include/OGRE/GLX/ -I/usr/local/include/OIS/'
standard_objs='$(top_srcdir)/src/utilityFiles/logger/Logger.o $(top_srcdir)/src/utilityFiles/timer/Timer.o $(top_srcdir)/src/commonAspect/CommonAspect.o $(top_srcdir)/src/utilityFiles/commands/Commands.o'
static_sphere_object_incs='-I$(top_srcdir)/src/worldObject/staticSphereObject'
static_sphere_object_obj='$(top_srcdir)/src/worldObject/staticSphereObject/StaticSphereObject.o'
static_world_object_incs='-I$(top_srcdir)/src/worldObject/staticWorldObject'
static_world_object_obj='$(top_srcdir)/src/worldObject/staticWorldObject/StaticWorldObject.o'
sysconfdir='${prefix}/etc'
system_command_handler_incs='-I$(top_srcdir)/src/server/systemCommandHandler/'
system_command_handler_obj='$(top_srcdir)/src/server/systemCommandHandler/SystemCommandHandler.o'
target_alias=''
timer='/src/utilityFiles/timer/Timer.o'
timer_inc='/src/utilityFiles/timer/'
utility_inc='/src/utilityFiles/'
world_object_incs='-I$(top_srcdir)/src/worldObject/'
world_object_obj='$(top_srcdir)/src/worldObject/WorldObject.o'

## ----------- ##
## confdefs.h. ##
## ----------- ##

#define PACKAGE_NAME "evolve"
#define PACKAGE_TARNAME "evolve"
#define PACKAGE_VERSION "1.0"
#define PACKAGE_STRING "evolve 1.0"
#define PACKAGE_BUGREPORT "stu26code@gmail.com"
#define PACKAGE "evolve"
#define VERSION "1.0"
#define STDC_HEADERS 1
#define HAVE_SYS_TYPES_H 1
#define HAVE_SYS_STAT_H 1
#define HAVE_STDLIB_H 1
#define HAVE_STRING_H 1
#define HAVE_MEMORY_H 1
#define HAVE_STRINGS_H 1
#define HAVE_INTTYPES_H 1
#define HAVE_STDINT_H 1
#define HAVE_UNISTD_H 1
#define HAVE_DLFCN_H 1
#define STDC_HEADERS 1
#define HAVE_ARPA_INET_H 1
#define HAVE_NETINET_IN_H 1
#define HAVE_STDLIB_H 1
#define HAVE_STRING_H 1
#define HAVE_SYS_SOCKET_H 1
#define HAVE_SYS_TIME_H 1
#define HAVE_UNISTD_H 1
#define HAVE__BOOL 1
#define HAVE_STDBOOL_H 1
#define TIME_WITH_SYS_TIME 1
#define HAVE_FORK 1
#define HAVE_VFORK 1
#define HAVE_WORKING_VFORK 1
#define HAVE_WORKING_FORK 1
#define HAVE_STDLIB_H 1
#define HAVE_MALLOC 1
#define RETSIGTYPE void
#define HAVE_GETTIMEOFDAY 1
#define HAVE_MEMSET 1
#define HAVE_SOCKET 1
#define HAVE_STRERROR 1

configure: exit 0

## ---------------------- ##
## Running config.status. ##
## ---------------------- ##

This file was extended by evolve config.status 1.0, which was
generated by GNU Autoconf 2.61.  Invocation command line was

  CONFIG_FILES    = 
  CONFIG_HEADERS  = 
  CONFIG_LINKS    = 
  CONFIG_COMMANDS = 
  $ ./config.status src/worldObject/Makefile depfiles

on localhost

config.status:716: creating src/worldObject/Makefile
config.status:901: executing depfiles commands

## ---------------------- ##
## Running config.status. ##
## ---------------------- ##

This file was extended by evolve config.status 1.0, which was
generated by GNU Autoconf 2.61.  Invocation command line was

  CONFIG_FILES    = 
  CONFIG_HEADERS  = 
  CONFIG_LINKS    = 
  CONFIG_COMMANDS = 
  $ ./config.status src/worldObject/staticWorldObject/Makefile depfiles

on localhost

config.status:716: creating src/worldObject/staticWorldObject/Makefile
config.status:901: executing depfiles commands

## ---------------------- ##
## Running config.status. ##
## ---------------------- ##

This file was extended by evolve config.status 1.0, which was
generated by GNU Autoconf 2.61.  Invocation command line was

  CONFIG_FILES    = 
  CONFIG_HEADERS  = 
  CONFIG_LINKS    = 
  CONFIG_COMMANDS = 
  $ ./config.status src/worldObject/staticSphereObject/Makefile depfiles

on localhost

config.status:716: creating src/worldObject/staticSphereObject/Makefile
config.status:901: executing depfiles commands

## ---------------------- ##
## Running config.status. ##
## ---------------------- ##

This file was extended by evolve config.status 1.0, which was
generated by GNU Autoconf 2.61.  Invocation command line was

  CONFIG_FILES    = 
  CONFIG_HEADERS  = 
  CONFIG_LINKS    = 
  CONFIG_COMMANDS = 
  $ ./config.status src/worldObject/lSystemWorldObject/Makefile depfiles

on localhost

config.status:716: creating src/worldObject/lSystemWorldObject/Makefile
config.status:901: executing depfiles commands
